2024/10/17 00:12:25,823 [ INFO ] ChekcStr - end of binarise - givenstrvalue is empty string
2024/10/17 00:12:25,824 [ INFO ] ChekcStr - returning with value: 
2024/10/17 00:12:25,824 [ INFO ] ChekcStr - returning with value: 1
2024/10/17 00:12:25,824 [ INFO ] ChekcStr - executing binarise...
2024/10/17 00:12:25,824 [ INFO ] ChekcStr - end of binarise - givenstrvalue is empty string
2024/10/17 00:12:25,824 [ INFO ] ChekcStr - returning with value: 
2024/10/17 00:12:25,824 [ INFO ] ChekcStr - returning with value: 11
2024/10/17 00:12:25,824 [ INFO ] ChekcStr - executing binarise...
2024/10/17 00:12:25,824 [ INFO ] ChekcStr - end of binarise - givenstrvalue is odd
2024/10/17 00:12:25,824 [ INFO ] ChekcStr - executing binarise...
2024/10/17 00:12:25,824 [ INFO ] ChekcStr - end of binarise - givenstrvalue is empty string
2024/10/17 00:12:25,824 [ INFO ] ChekcStr - returning with value: 
2024/10/17 00:12:25,824 [ INFO ] ChekcStr - returning with value: 1
2024/10/17 00:12:25,824 [ INFO ] ChekcStr - executing binarise...
2024/10/17 00:12:25,824 [ INFO ] ChekcStr - end of binarise - givenstrvalue is empty string
2024/10/17 00:12:25,824 [ INFO ] ChekcStr - returning with value: 
2024/10/17 00:12:25,824 [ INFO ] ChekcStr - returning with value: 011
2024/10/17 00:12:25,824 [ INFO ] ChekcStr - executing binarise...
2024/10/17 00:12:25,824 [ INFO ] ChekcStr - end of binarise - givenstrvalue is odd
2024/10/17 00:12:25,824 [ INFO ] ChekcStr - executing binarise...
2024/10/17 00:12:25,824 [ INFO ] ChekcStr - end of binarise - givenstrvalue is odd
2024/10/17 00:12:25,824 [ INFO ] ChekcStr - executing binarise...
2024/10/17 00:12:25,824 [ INFO ] ChekcStr - end of binarise - givenstrvalue is empty string
2024/10/17 00:12:25,824 [ INFO ] ChekcStr - returning with value: 
2024/10/17 00:12:25,824 [ INFO ] ChekcStr - returning with value: 1
2024/10/17 00:12:25,824 [ INFO ] ChekcStr - executing binarise...
2024/10/17 00:12:25,824 [ INFO ] ChekcStr - end of binarise - givenstrvalue is empty string
2024/10/17 00:12:25,824 [ INFO ] ChekcStr - returning with value: 
2024/10/17 00:12:25,824 [ INFO ] ChekcStr - returning with value: 11
2024/10/17 00:12:25,824 [ INFO ] ChekcStr - executing binarise...
2024/10/17 00:12:25,824 [ INFO ] ChekcStr - end of binarise - givenstrvalue is odd
2024/10/17 00:12:25,824 [ INFO ] ChekcStr - executing binarise...
2024/10/17 00:12:25,824 [ INFO ] ChekcStr - end of binarise - givenstrvalue is empty string
2024/10/17 00:12:25,824 [ INFO ] ChekcStr - returning with value: 
2024/10/17 00:12:25,824 [ INFO ] ChekcStr - returning with value: 1
2024/10/17 00:12:25,824 [ INFO ] ChekcStr - executing binarise...
2024/10/17 00:12:25,824 [ INFO ] ChekcStr - end of binarise - givenstrvalue is empty string
2024/10/17 00:12:25,824 [ INFO ] ChekcStr - returning with value: 
2024/10/17 00:12:25,825 [ INFO ] ChekcStr - instantiated ChekcStr
2024/10/17 00:12:25,825 [ INFO ] ChekcStr - executing binarise...
2024/10/17 00:12:25,825 [ INFO ] ChekcStr - end of binarise - givenstrvalue is odd
2024/10/17 00:12:25,825 [ INFO ] ChekcStr - executing binarise...
2024/10/17 00:12:25,825 [ INFO ] ChekcStr - end of binarise - givenstrvalue is odd
2024/10/17 00:12:25,825 [ INFO ] ChekcStr - executing binarise...
2024/10/17 00:12:25,825 [ INFO ] ChekcStr - end of binarise - givenstrvalue is odd
2024/10/17 00:12:25,825 [ INFO ] ChekcStr - executing binarise...
2024/10/17 00:12:25,825 [ INFO ] ChekcStr - end of binarise - givenstrvalue is empty string
2024/10/17 00:12:25,825 [ INFO ] ChekcStr - returning with value: 
2024/10/17 00:12:25,825 [ INFO ] ChekcStr - returning with value: 1
2024/10/17 00:12:25,825 [ INFO ] ChekcStr - executing binarise...
2024/10/17 00:12:25,825 [ INFO ] ChekcStr - end of binarise - givenstrvalue is empty string
2024/10/17 00:12:25,825 [ INFO ] ChekcStr - returning with value: 
2024/10/17 00:12:25,825 [ INFO ] ChekcStr - returning with value: 11
2024/10/17 00:12:25,825 [ INFO ] ChekcStr - executing binarise...
2024/10/17 00:12:25,825 [ INFO ] ChekcStr - end of binarise - givenstrvalue is odd
2024/10/17 00:12:25,825 [ INFO ] ChekcStr - executing binarise...
2024/10/17 00:12:25,825 [ INFO ] ChekcStr - end of binarise - givenstrvalue is empty string
2024/10/17 00:12:25,825 [ INFO ] ChekcStr - returning with value: 
2024/10/17 00:12:25,825 [ INFO ] ChekcStr - returning with value: 1
2024/10/17 00:12:25,825 [ INFO ] ChekcStr - executing binarise...
2024/10/17 00:12:25,825 [ INFO ] ChekcStr - end of binarise - givenstrvalue is empty string
2024/10/17 00:12:25,825 [ INFO ] ChekcStr - returning with value: 
2024/10/17 00:12:25,825 [ INFO ] ChekcStr - returning with value: 111
2024/10/17 00:12:25,825 [ INFO ] ChekcStr - executing binarise...
2024/10/17 00:12:25,825 [ INFO ] ChekcStr - end of binarise - givenstrvalue is odd
2024/10/17 00:12:25,825 [ INFO ] ChekcStr - executing binarise...
2024/10/17 00:12:25,825 [ INFO ] ChekcStr - end of binarise - givenstrvalue is odd
2024/10/17 00:12:25,825 [ INFO ] ChekcStr - executing binarise...
2024/10/17 00:12:25,825 [ INFO ] ChekcStr - end of binarise - givenstrvalue is empty string
2024/10/17 00:12:25,825 [ INFO ] ChekcStr - returning with value: 
2024/10/17 00:12:25,825 [ INFO ] ChekcStr - returning with value: 1
2024/10/17 00:12:25,825 [ INFO ] ChekcStr - executing binarise...
2024/10/17 00:12:25,825 [ INFO ] ChekcStr - end of binarise - givenstrvalue is empty string
2024/10/17 00:12:25,825 [ INFO ] ChekcStr - returning with value: 
2024/10/17 00:12:25,825 [ INFO ] ChekcStr - returning with value: 11
2024/10/17 00:12:25,825 [ INFO ] ChekcStr - executing binarise...
2024/10/17 00:12:25,825 [ INFO ] ChekcStr - end of binarise - givenstrvalue is odd
2024/10/17 00:12:25,825 [ INFO ] ChekcStr - executing binarise...
2024/10/17 00:12:25,826 [ INFO ] ChekcStr - end of binarise - givenstrvalue is empty string
2024/10/17 00:12:25,826 [ INFO ] ChekcStr - returning with value: 
2024/10/17 00:12:25,826 [ INFO ] ChekcStr - returning with value: 1
2024/10/17 00:12:25,826 [ INFO ] ChekcStr - executing binarise...
2024/10/17 00:12:25,826 [ INFO ] ChekcStr - end of binarise - givenstrvalue is empty string
2024/10/17 00:12:25,826 [ INFO ] ChekcStr - returning with value: 
2024/10/17 00:12:25,826 [ INFO ] ChekcStr - instantiated ChekcStr
2024/10/17 00:12:25,826 [ INFO ] ChekcStr - executing binarise...
2024/10/17 00:12:25,826 [ INFO ] ChekcStr - end of binarise
2024/10/17 00:12:25,826 [ INFO ] ChekcStr - executing binarise...
2024/10/17 00:12:25,826 [ INFO ] ChekcStr - end of binarise
2024/10/17 00:12:25,826 [ INFO ] ChekcStr - executing binarise...
2024/10/17 00:12:25,826 [ INFO ] ChekcStr - end of binarise
2024/10/17 00:12:25,826 [ INFO ] ChekcStr - executing binarise...
2024/10/17 00:12:25,826 [ INFO ] ChekcStr - end of binarise - givenstrvalue is odd
2024/10/17 00:12:25,826 [ INFO ] ChekcStr - executing binarise...
2024/10/17 00:12:25,826 [ INFO ] ChekcStr - end of binarise - givenstrvalue is empty string
2024/10/17 00:12:25,826 [ INFO ] ChekcStr - returning with value: 
2024/10/17 00:12:25,826 [ INFO ] ChekcStr - returning with value: 1
2024/10/17 00:12:25,826 [ INFO ] ChekcStr - executing binarise...
2024/10/17 00:12:25,826 [ INFO ] ChekcStr - end of binarise - givenstrvalue is empty string
2024/10/17 00:12:25,826 [ INFO ] ChekcStr - returning with value: 
2024/10/17 00:12:25,826 [ INFO ] ChekcStr - returning with value: 01
2024/10/17 00:12:25,826 [ INFO ] ChekcStr - executing binarise...
2024/10/17 00:12:25,826 [ INFO ] ChekcStr - end of binarise - givenstrvalue is odd
2024/10/17 00:12:25,826 [ INFO ] ChekcStr - executing binarise...
2024/10/17 00:12:25,826 [ INFO ] ChekcStr - end of binarise - givenstrvalue is empty string
2024/10/17 00:12:25,826 [ INFO ] ChekcStr - returning with value: 
2024/10/17 00:12:25,826 [ INFO ] ChekcStr - returning with value: 1
2024/10/17 00:12:25,826 [ INFO ] ChekcStr - executing binarise...
2024/10/17 00:12:25,826 [ INFO ] ChekcStr - end of binarise - givenstrvalue is empty string
2024/10/17 00:12:25,826 [ INFO ] ChekcStr - returning with value: 
2024/10/17 00:12:25,826 [ INFO ] ChekcStr - returning with value: 001
2024/10/17 00:12:25,826 [ INFO ] ChekcStr - executing binarise...
2024/10/17 00:12:25,826 [ INFO ] ChekcStr - end of binarise
2024/10/17 00:12:25,826 [ INFO ] ChekcStr - executing binarise...
2024/10/17 00:12:25,826 [ INFO ] ChekcStr - end of binarise - givenstrvalue is odd
2024/10/17 00:12:25,826 [ INFO ] ChekcStr - executing binarise...
2024/10/17 00:12:25,826 [ INFO ] ChekcStr - end of binarise - givenstrvalue is empty string
2024/10/17 00:12:25,826 [ INFO ] ChekcStr - returning with value: 
2024/10/17 00:12:25,826 [ INFO ] ChekcStr - returning with value: 1
2024/10/17 00:12:25,826 [ INFO ] ChekcStr - executing binarise...
2024/10/17 00:12:25,826 [ INFO ] ChekcStr - end of binarise - givenstrvalue is empty string
2024/10/17 00:12:25,826 [ INFO ] ChekcStr - returning with value: 
2024/10/17 00:12:25,826 [ INFO ] ChekcStr - returning with value: 01
2024/10/17 00:12:25,826 [ INFO ] ChekcStr - executing binarise...
2024/10/17 00:12:25,826 [ INFO ] ChekcStr - end of binarise - givenstrvalue is odd
2024/10/17 00:12:25,826 [ INFO ] ChekcStr - executing binarise...
2024/10/17 00:12:25,826 [ INFO ] ChekcStr - end of binarise - givenstrvalue is empty string
2024/10/17 00:12:25,826 [ INFO ] ChekcStr - returning with value: 
2024/10/17 00:12:25,826 [ INFO ] ChekcStr - returning with value: 1
2024/10/17 00:12:25,827 [ INFO ] ChekcStr - executing binarise...
2024/10/17 00:12:25,827 [ INFO ] ChekcStr - end of binarise - givenstrvalue is empty string
2024/10/17 00:12:25,827 [ INFO ] ChekcStr - returning with value: 
2024/10/17 00:12:25,827 [ INFO ] ChekcStr - returning with value: 0001
2024/10/17 00:12:25,827 [ INFO ] ChekcStr - executing binarise...
2024/10/17 00:12:25,827 [ INFO ] ChekcStr - end of binarise
2024/10/17 00:12:25,827 [ INFO ] ChekcStr - executing binarise...
2024/10/17 00:12:25,827 [ INFO ] ChekcStr - end of binarise
2024/10/17 00:12:25,827 [ INFO ] ChekcStr - executing binarise...
2024/10/17 00:12:25,827 [ INFO ] ChekcStr - end of binarise - givenstrvalue is odd
2024/10/17 00:12:25,827 [ INFO ] ChekcStr - executing binarise...
2024/10/17 00:12:25,827 [ INFO ] ChekcStr - end of binarise - givenstrvalue is empty string
