2024/10/17 00:12:25,832 [ INFO ] ChekcStr - returning with value: 
2024/10/17 00:12:25,833 [ INFO ] ChekcStr - returning with value: 1
2024/10/17 00:12:25,833 [ INFO ] ChekcStr - executing binarise...
2024/10/17 00:12:25,833 [ INFO ] ChekcStr - end of binarise - givenstrvalue is empty string
2024/10/17 00:12:25,833 [ INFO ] ChekcStr - returning with value: 
2024/10/17 00:12:25,833 [ INFO ] ChekcStr - returning with value: 01
2024/10/17 00:12:25,833 [ INFO ] ChekcStr - executing binarise...
2024/10/17 00:12:25,833 [ INFO ] ChekcStr - end of binarise - givenstrvalue is odd
2024/10/17 00:12:25,833 [ INFO ] ChekcStr - executing binarise...
2024/10/17 00:12:25,833 [ INFO ] ChekcStr - end of binarise - givenstrvalue is empty string
2024/10/17 00:12:25,833 [ INFO ] ChekcStr - returning with value: 
2024/10/17 00:12:25,833 [ INFO ] ChekcStr - returning with value: 1
2024/10/17 00:12:25,833 [ INFO ] ChekcStr - executing binarise...
2024/10/17 00:12:25,833 [ INFO ] ChekcStr - end of binarise - givenstrvalue is empty string
2024/10/17 00:12:25,833 [ INFO ] ChekcStr - returning with value: 
2024/10/17 00:12:25,833 [ INFO ] ChekcStr - returning with value: 101
2024/10/17 00:12:25,833 [ INFO ] ChekcStr - executing binarise...
2024/10/17 00:12:25,833 [ INFO ] ChekcStr - end of binarise
2024/10/17 00:12:25,833 [ INFO ] ChekcStr - executing binarise...
2024/10/17 00:12:25,833 [ INFO ] ChekcStr - end of binarise - givenstrvalue is odd
2024/10/17 00:12:25,834 [ INFO ] ChekcStr - executing binarise...
2024/10/17 00:12:25,834 [ INFO ] ChekcStr - end of binarise - givenstrvalue is empty string
2024/10/17 00:12:25,834 [ INFO ] ChekcStr - returning with value: 
2024/10/17 00:12:25,834 [ INFO ] ChekcStr - returning with value: 1
2024/10/17 00:12:25,834 [ INFO ] ChekcStr - executing binarise...
2024/10/17 00:12:25,834 [ INFO ] ChekcStr - end of binarise - givenstrvalue is empty string
2024/10/17 00:12:25,834 [ INFO ] ChekcStr - returning with value: 
2024/10/17 00:12:25,834 [ INFO ] ChekcStr - returning with value: 01
2024/10/17 00:12:25,834 [ INFO ] ChekcStr - executing binarise...
2024/10/17 00:12:25,834 [ INFO ] ChekcStr - end of binarise - givenstrvalue is odd
2024/10/17 00:12:25,834 [ INFO ] ChekcStr - executing binarise...
2024/10/17 00:12:25,834 [ INFO ] ChekcStr - end of binarise - givenstrvalue is empty string
2024/10/17 00:12:25,834 [ INFO ] ChekcStr - returning with value: 
2024/10/17 00:12:25,834 [ INFO ] ChekcStr - returning with value: 1
2024/10/17 00:12:25,834 [ INFO ] ChekcStr - executing binarise...
2024/10/17 00:12:25,834 [ INFO ] ChekcStr - end of binarise - givenstrvalue is empty string
2024/10/17 00:12:25,834 [ INFO ] ChekcStr - returning with value: 
2024/10/17 00:12:25,834 [ INFO ] ChekcStr - returning with value: 0101
2024/10/17 00:12:25,834 [ INFO ] ChekcStr - executing binarise...
2024/10/17 00:12:25,834 [ INFO ] ChekcStr - end of binarise - givenstrvalue is odd
2024/10/17 00:12:25,834 [ INFO ] ChekcStr - executing binarise...
2024/10/17 00:12:25,834 [ INFO ] ChekcStr - end of binarise
2024/10/17 00:12:25,834 [ INFO ] ChekcStr - executing binarise...
2024/10/17 00:12:25,834 [ INFO ] ChekcStr - end of binarise - givenstrvalue is odd
2024/10/17 00:12:25,834 [ INFO ] ChekcStr - executing binarise...
2024/10/17 00:12:25,834 [ INFO ] ChekcStr - end of binarise - givenstrvalue is empty string
2024/10/17 00:12:25,834 [ INFO ] ChekcStr - returning with value: 
2024/10/17 00:12:25,834 [ INFO ] ChekcStr - returning with value: 1
2024/10/17 00:12:25,834 [ INFO ] ChekcStr - executing binarise...
2024/10/17 00:12:25,834 [ INFO ] ChekcStr - end of binarise - givenstrvalue is empty string
2024/10/17 00:12:25,834 [ INFO ] ChekcStr - returning with value: 
2024/10/17 00:12:25,834 [ INFO ] ChekcStr - returning with value: 01
2024/10/17 00:12:25,834 [ INFO ] ChekcStr - executing binarise...
2024/10/17 00:12:25,834 [ INFO ] ChekcStr - end of binarise - givenstrvalue is odd
2024/10/17 00:12:25,834 [ INFO ] ChekcStr - executing binarise...
2024/10/17 00:12:25,834 [ INFO ] ChekcStr - end of binarise - givenstrvalue is empty string
2024/10/17 00:12:25,834 [ INFO ] ChekcStr - returning with value: 
2024/10/17 00:12:25,834 [ INFO ] ChekcStr - returning with value: 1
2024/10/17 00:12:25,834 [ INFO ] ChekcStr - executing binarise...
2024/10/17 00:12:25,834 [ INFO ] ChekcStr - end of binarise - givenstrvalue is empty string
2024/10/17 00:12:25,834 [ INFO ] ChekcStr - returning with value: 
2024/10/17 00:12:25,834 [ INFO ] ChekcStr - returning with value: 101
2024/10/17 00:12:25,834 [ INFO ] ChekcStr - executing binarise...
2024/10/17 00:12:25,834 [ INFO ] ChekcStr - end of binarise
2024/10/17 00:12:25,834 [ INFO ] ChekcStr - executing binarise...
2024/10/17 00:12:25,834 [ INFO ] ChekcStr - end of binarise - givenstrvalue is odd
2024/10/17 00:12:25,834 [ INFO ] ChekcStr - executing binarise...
2024/10/17 00:12:25,834 [ INFO ] ChekcStr - end of binarise - givenstrvalue is empty string
2024/10/17 00:12:25,834 [ INFO ] ChekcStr - returning with value: 
2024/10/17 00:12:25,834 [ INFO ] ChekcStr - returning with value: 1
2024/10/17 00:12:25,834 [ INFO ] ChekcStr - executing binarise...
2024/10/17 00:12:25,834 [ INFO ] ChekcStr - end of binarise - givenstrvalue is empty string
2024/10/17 00:12:25,834 [ INFO ] ChekcStr - returning with value: 
2024/10/17 00:12:25,834 [ INFO ] ChekcStr - returning with value: 01
2024/10/17 00:12:25,834 [ INFO ] ChekcStr - executing binarise...
2024/10/17 00:12:25,834 [ INFO ] ChekcStr - end of binarise - givenstrvalue is odd
2024/10/17 00:12:25,834 [ INFO ] ChekcStr - executing binarise...
2024/10/17 00:12:25,834 [ INFO ] ChekcStr - end of binarise - givenstrvalue is empty string
2024/10/17 00:12:25,834 [ INFO ] ChekcStr - returning with value: 
2024/10/17 00:12:25,834 [ INFO ] ChekcStr - returning with value: 1
2024/10/17 00:12:25,834 [ INFO ] ChekcStr - executing binarise...
2024/10/17 00:12:25,834 [ INFO ] ChekcStr - end of binarise - givenstrvalue is empty string
2024/10/17 00:12:25,834 [ INFO ] ChekcStr - returning with value: 
