2024/10/17 10:33:04,195 [ INFO ] ChekcStr - end of binarise - givenstrvalue is odd
2024/10/17 10:33:04,196 [ INFO ] ChekcStr - executing binarise...
2024/10/17 10:33:04,196 [ INFO ] ChekcStr - end of binarise - givenstrvalue is empty string
2024/10/17 10:33:04,196 [ INFO ] ChekcStr - returning with value: 
2024/10/17 10:33:04,196 [ INFO ] ChekcStr - returning with value: 1
2024/10/17 10:33:04,196 [ INFO ] ChekcStr - executing binarise...
2024/10/17 10:33:04,196 [ INFO ] ChekcStr - end of binarise - givenstrvalue is empty string
2024/10/17 10:33:04,196 [ INFO ] ChekcStr - returning with value: 
2024/10/17 10:33:04,196 [ INFO ] ChekcStr - returning with value: 011
2024/10/17 10:33:04,196 [ INFO ] ChekcStr - executing binarise...
2024/10/17 10:33:04,196 [ INFO ] ChekcStr - end of binarise - givenstrvalue is odd
2024/10/17 10:33:04,196 [ INFO ] ChekcStr - executing binarise...
2024/10/17 10:33:04,196 [ INFO ] ChekcStr - end of binarise - givenstrvalue is odd
2024/10/17 10:33:04,196 [ INFO ] ChekcStr - executing binarise...
2024/10/17 10:33:04,196 [ INFO ] ChekcStr - end of binarise - givenstrvalue is empty string
2024/10/17 10:33:04,196 [ INFO ] ChekcStr - returning with value: 
2024/10/17 10:33:04,196 [ INFO ] ChekcStr - returning with value: 1
2024/10/17 10:33:04,196 [ INFO ] ChekcStr - executing binarise...
2024/10/17 10:33:04,196 [ INFO ] ChekcStr - end of binarise - givenstrvalue is empty string
2024/10/17 10:33:04,196 [ INFO ] ChekcStr - returning with value: 
2024/10/17 10:33:04,196 [ INFO ] ChekcStr - returning with value: 11
2024/10/17 10:33:04,196 [ INFO ] ChekcStr - executing binarise...
2024/10/17 10:33:04,196 [ INFO ] ChekcStr - end of binarise - givenstrvalue is odd
2024/10/17 10:33:04,196 [ INFO ] ChekcStr - executing binarise...
2024/10/17 10:33:04,196 [ INFO ] ChekcStr - end of binarise - givenstrvalue is empty string
2024/10/17 10:33:04,196 [ INFO ] ChekcStr - returning with value: 
2024/10/17 10:33:04,196 [ INFO ] ChekcStr - returning with value: 1
2024/10/17 10:33:04,197 [ INFO ] ChekcStr - executing binarise...
2024/10/17 10:33:04,197 [ INFO ] ChekcStr - end of binarise - givenstrvalue is empty string
2024/10/17 10:33:04,197 [ INFO ] ChekcStr - returning with value: 
2024/10/17 10:33:04,197 [ INFO ] ChekcStr - returning with value: 10011
2024/10/17 10:33:04,197 [ INFO ] ChekcStr - executing binarise...
2024/10/17 10:33:04,197 [ INFO ] ChekcStr - end of binarise
2024/10/17 10:33:04,197 [ INFO ] ChekcStr - executing binarise...
2024/10/17 10:33:04,197 [ INFO ] ChekcStr - end of binarise
2024/10/17 10:33:04,197 [ INFO ] ChekcStr - executing binarise...
2024/10/17 10:33:04,197 [ INFO ] ChekcStr - end of binarise - givenstrvalue is odd
2024/10/17 10:33:04,197 [ INFO ] ChekcStr - executing binarise...
2024/10/17 10:33:04,197 [ INFO ] ChekcStr - end of binarise - givenstrvalue is odd
2024/10/17 10:33:04,197 [ INFO ] ChekcStr - executing binarise...
2024/10/17 10:33:04,197 [ INFO ] ChekcStr - end of binarise - givenstrvalue is empty string
2024/10/17 10:33:04,197 [ INFO ] ChekcStr - returning with value: 
2024/10/17 10:33:04,197 [ INFO ] ChekcStr - returning with value: 1
2024/10/17 10:33:04,197 [ INFO ] ChekcStr - executing binarise...
2024/10/17 10:33:04,197 [ INFO ] ChekcStr - end of binarise - givenstrvalue is empty string
2024/10/17 10:33:04,197 [ INFO ] ChekcStr - returning with value: 
2024/10/17 10:33:04,197 [ INFO ] ChekcStr - returning with value: 11
2024/10/17 10:33:04,197 [ INFO ] ChekcStr - executing binarise...
2024/10/17 10:33:04,197 [ INFO ] ChekcStr - end of binarise - givenstrvalue is odd
2024/10/17 10:33:04,197 [ INFO ] ChekcStr - executing binarise...
2024/10/17 10:33:04,197 [ INFO ] ChekcStr - end of binarise - givenstrvalue is empty string
2024/10/17 10:33:04,197 [ INFO ] ChekcStr - returning with value: 
2024/10/17 10:33:04,197 [ INFO ] ChekcStr - returning with value: 1
2024/10/17 10:33:04,197 [ INFO ] ChekcStr - executing binarise...
2024/10/17 10:33:04,197 [ INFO ] ChekcStr - end of binarise - givenstrvalue is empty string
2024/10/17 10:33:04,197 [ INFO ] ChekcStr - returning with value: 
2024/10/17 10:33:04,197 [ INFO ] ChekcStr - returning with value: 011
2024/10/17 10:33:04,197 [ INFO ] ChekcStr - executing binarise...
2024/10/17 10:33:04,197 [ INFO ] ChekcStr - end of binarise - givenstrvalue is odd
2024/10/17 10:33:04,197 [ INFO ] ChekcStr - executing binarise...
2024/10/17 10:33:04,197 [ INFO ] ChekcStr - end of binarise - givenstrvalue is odd
2024/10/17 10:33:04,197 [ INFO ] ChekcStr - executing binarise...
2024/10/17 10:33:04,197 [ INFO ] ChekcStr - end of binarise - givenstrvalue is empty string
2024/10/17 10:33:04,197 [ INFO ] ChekcStr - returning with value: 
2024/10/17 10:33:04,197 [ INFO ] ChekcStr - returning with value: 1
2024/10/17 10:33:04,197 [ INFO ] ChekcStr - executing binarise...
2024/10/17 10:33:04,197 [ INFO ] ChekcStr - end of binarise - givenstrvalue is empty string
2024/10/17 10:33:04,197 [ INFO ] ChekcStr - returning with value: 
2024/10/17 10:33:04,197 [ INFO ] ChekcStr - returning with value: 11
2024/10/17 10:33:04,197 [ INFO ] ChekcStr - executing binarise...
2024/10/17 10:33:04,197 [ INFO ] ChekcStr - end of binarise - givenstrvalue is odd
2024/10/17 10:33:04,197 [ INFO ] ChekcStr - executing binarise...
2024/10/17 10:33:04,197 [ INFO ] ChekcStr - end of binarise - givenstrvalue is empty string
2024/10/17 10:33:04,197 [ INFO ] ChekcStr - returning with value: 
2024/10/17 10:33:04,197 [ INFO ] ChekcStr - returning with value: 1
2024/10/17 10:33:04,197 [ INFO ] ChekcStr - executing binarise...
2024/10/17 10:33:04,197 [ INFO ] ChekcStr - end of binarise - givenstrvalue is empty string
2024/10/17 10:33:04,197 [ INFO ] ChekcStr - returning with value: 
2024/10/17 10:33:04,197 [ INFO ] ChekcStr - returning with value: 0011
2024/10/17 10:33:04,197 [ INFO ] ChekcStr - executing binarise...
2024/10/17 10:33:04,197 [ INFO ] ChekcStr - end of binarise
2024/10/17 10:33:04,197 [ INFO ] ChekcStr - executing binarise...
2024/10/17 10:33:04,197 [ INFO ] ChekcStr - end of binarise - givenstrvalue is odd
2024/10/17 10:33:04,197 [ INFO ] ChekcStr - executing binarise...
2024/10/17 10:33:04,197 [ INFO ] ChekcStr - end of binarise - givenstrvalue is odd
2024/10/17 10:33:04,197 [ INFO ] ChekcStr - executing binarise...
2024/10/17 10:33:04,197 [ INFO ] ChekcStr - end of binarise - givenstrvalue is empty string
2024/10/17 10:33:04,197 [ INFO ] ChekcStr - returning with value: 
2024/10/17 10:33:04,197 [ INFO ] ChekcStr - returning with value: 1
2024/10/17 10:33:04,197 [ INFO ] ChekcStr - executing binarise...
2024/10/17 10:33:04,197 [ INFO ] ChekcStr - end of binarise - givenstrvalue is empty string
2024/10/17 10:33:04,197 [ INFO ] ChekcStr - returning with value: 
2024/10/17 10:33:04,197 [ INFO ] ChekcStr - returning with value: 11
2024/10/17 10:33:04,197 [ INFO ] ChekcStr - executing binarise...
2024/10/17 10:33:04,197 [ INFO ] ChekcStr - end of binarise - givenstrvalue is odd
2024/10/17 10:33:04,197 [ INFO ] ChekcStr - executing binarise...
2024/10/17 10:33:04,197 [ INFO ] ChekcStr - end of binarise - givenstrvalue is empty string
2024/10/17 10:33:04,197 [ INFO ] ChekcStr - returning with value: 
2024/10/17 10:33:04,197 [ INFO ] ChekcStr - returning with value: 1
2024/10/17 10:33:04,197 [ INFO ] ChekcStr - executing binarise...
2024/10/17 10:33:04,197 [ INFO ] ChekcStr - end of binarise - givenstrvalue is empty string
2024/10/17 10:33:04,197 [ INFO ] ChekcStr - returning with value: 
2024/10/17 10:33:04,197 [ INFO ] ChekcStr - returning with value: 011
2024/10/17 10:33:04,197 [ INFO ] ChekcStr - executing binarise...
2024/10/17 10:33:04,197 [ INFO ] ChekcStr - end of binarise - givenstrvalue is odd
2024/10/17 10:33:04,197 [ INFO ] ChekcStr - executing binarise...
2024/10/17 10:33:04,197 [ INFO ] ChekcStr - end of binarise - givenstrvalue is odd
2024/10/17 10:33:04,197 [ INFO ] ChekcStr - executing binarise...
2024/10/17 10:33:04,197 [ INFO ] ChekcStr - end of binarise - givenstrvalue is empty string
2024/10/17 10:33:04,197 [ INFO ] ChekcStr - returning with value: 
2024/10/17 10:33:04,197 [ INFO ] ChekcStr - returning with value: 1
2024/10/17 10:33:04,197 [ INFO ] ChekcStr - executing binarise...
2024/10/17 10:33:04,197 [ INFO ] ChekcStr - end of binarise - givenstrvalue is empty string
2024/10/17 10:33:04,197 [ INFO ] ChekcStr - returning with value: 
2024/10/17 10:33:04,197 [ INFO ] ChekcStr - returning with value: 11
2024/10/17 10:33:04,197 [ INFO ] ChekcStr - executing binarise...
2024/10/17 10:33:04,197 [ INFO ] ChekcStr - end of binarise - givenstrvalue is odd
2024/10/17 10:33:04,197 [ INFO ] ChekcStr - executing binarise...
2024/10/17 10:33:04,197 [ INFO ] ChekcStr - end of binarise - givenstrvalue is empty string
2024/10/17 10:33:04,197 [ INFO ] ChekcStr - returning with value: 
2024/10/17 10:33:04,197 [ INFO ] ChekcStr - returning with value: 1
2024/10/17 10:33:04,197 [ INFO ] ChekcStr - executing binarise...
2024/10/17 10:33:04,197 [ INFO ] ChekcStr - end of binarise - givenstrvalue is empty string
2024/10/17 10:33:04,197 [ INFO ] ChekcStr - returning with value: 
2024/10/17 10:33:04,198 [ INFO ] ChekcStr - instantiated ChekcStr
2024/10/17 10:33:04,198 [ INFO ] ChekcStr - executing binarise...
2024/10/17 10:33:04,198 [ INFO ] ChekcStr - end of binarise - givenstrvalue is empty string
2024/10/17 10:33:04,198 [ INFO ] ChekcStr - returning with value: 
2024/10/17 10:33:04,199 [ INFO ] ChekcStr - instantiated ChekcStr
2024/10/17 10:33:04,199 [ INFO ] ChekcStr - executing binarise...
2024/10/17 10:33:04,199 [ INFO ] ChekcStr - end of binarise - givenstrvalue is odd
2024/10/17 10:33:04,199 [ INFO ] ChekcStr - executing binarise...
2024/10/17 10:33:04,199 [ INFO ] ChekcStr - end of binarise - givenstrvalue is empty string
2024/10/17 10:33:04,199 [ INFO ] ChekcStr - returning with value: 
2024/10/17 10:33:04,199 [ INFO ] ChekcStr - returning with value: 1
2024/10/17 10:33:04,199 [ INFO ] ChekcStr - executing binarise...
2024/10/17 10:33:04,200 [ INFO ] ChekcStr - end of binarise - givenstrvalue is empty string
2024/10/17 10:33:04,200 [ INFO ] ChekcStr - returning with value: 
2024/10/17 10:33:04,200 [ INFO ] ChekcStr - instantiated ChekcStr
2024/10/17 10:33:04,200 [ INFO ] ChekcStr - executing binarise...
