2024/10/17 10:33:04,205 [ INFO ] ChekcStr - end of binarise - givenstrvalue is empty string
2024/10/17 10:33:04,206 [ INFO ] ChekcStr - returning with value: 
2024/10/17 10:33:04,206 [ INFO ] ChekcStr - returning with value: 1
2024/10/17 10:33:04,206 [ INFO ] ChekcStr - executing binarise...
2024/10/17 10:33:04,206 [ INFO ] ChekcStr - end of binarise - givenstrvalue is empty string
2024/10/17 10:33:04,206 [ INFO ] ChekcStr - returning with value: 
2024/10/17 10:33:04,206 [ INFO ] ChekcStr - returning with value: 11
2024/10/17 10:33:04,206 [ INFO ] ChekcStr - executing binarise...
2024/10/17 10:33:04,206 [ INFO ] ChekcStr - end of binarise - givenstrvalue is odd
2024/10/17 10:33:04,206 [ INFO ] ChekcStr - executing binarise...
2024/10/17 10:33:04,206 [ INFO ] ChekcStr - end of binarise - givenstrvalue is empty string
2024/10/17 10:33:04,206 [ INFO ] ChekcStr - returning with value: 
2024/10/17 10:33:04,206 [ INFO ] ChekcStr - returning with value: 1
2024/10/17 10:33:04,206 [ INFO ] ChekcStr - executing binarise...
2024/10/17 10:33:04,206 [ INFO ] ChekcStr - end of binarise - givenstrvalue is empty string
2024/10/17 10:33:04,206 [ INFO ] ChekcStr - returning with value: 
2024/10/17 10:33:04,206 [ INFO ] ChekcStr - returning with value: 011
2024/10/17 10:33:04,206 [ INFO ] ChekcStr - executing binarise...
2024/10/17 10:33:04,206 [ INFO ] ChekcStr - end of binarise - givenstrvalue is odd
2024/10/17 10:33:04,206 [ INFO ] ChekcStr - executing binarise...
2024/10/17 10:33:04,206 [ INFO ] ChekcStr - end of binarise - givenstrvalue is odd
2024/10/17 10:33:04,206 [ INFO ] ChekcStr - executing binarise...
2024/10/17 10:33:04,206 [ INFO ] ChekcStr - end of binarise - givenstrvalue is empty string
2024/10/17 10:33:04,206 [ INFO ] ChekcStr - returning with value: 
2024/10/17 10:33:04,206 [ INFO ] ChekcStr - returning with value: 1
2024/10/17 10:33:04,206 [ INFO ] ChekcStr - executing binarise...
2024/10/17 10:33:04,206 [ INFO ] ChekcStr - end of binarise - givenstrvalue is empty string
2024/10/17 10:33:04,206 [ INFO ] ChekcStr - returning with value: 
2024/10/17 10:33:04,206 [ INFO ] ChekcStr - returning with value: 11
2024/10/17 10:33:04,206 [ INFO ] ChekcStr - executing binarise...
2024/10/17 10:33:04,206 [ INFO ] ChekcStr - end of binarise - givenstrvalue is odd
2024/10/17 10:33:04,206 [ INFO ] ChekcStr - executing binarise...
2024/10/17 10:33:04,206 [ INFO ] ChekcStr - end of binarise - givenstrvalue is empty string
2024/10/17 10:33:04,206 [ INFO ] ChekcStr - returning with value: 
2024/10/17 10:33:04,206 [ INFO ] ChekcStr - returning with value: 1
2024/10/17 10:33:04,206 [ INFO ] ChekcStr - executing binarise...
2024/10/17 10:33:04,206 [ INFO ] ChekcStr - end of binarise - givenstrvalue is empty string
2024/10/17 10:33:04,206 [ INFO ] ChekcStr - returning with value: 
2024/10/17 10:33:04,207 [ INFO ] ChekcStr - instantiated ChekcStr
2024/10/17 10:33:04,207 [ INFO ] ChekcStr - executing binarise...
2024/10/17 10:33:04,207 [ INFO ] ChekcStr - end of binarise - givenstrvalue is odd
2024/10/17 10:33:04,207 [ INFO ] ChekcStr - executing binarise...
2024/10/17 10:33:04,207 [ INFO ] ChekcStr - end of binarise - givenstrvalue is odd
2024/10/17 10:33:04,207 [ INFO ] ChekcStr - executing binarise...
2024/10/17 10:33:04,207 [ INFO ] ChekcStr - end of binarise - givenstrvalue is odd
2024/10/17 10:33:04,207 [ INFO ] ChekcStr - executing binarise...
2024/10/17 10:33:04,207 [ INFO ] ChekcStr - end of binarise - givenstrvalue is empty string
2024/10/17 10:33:04,207 [ INFO ] ChekcStr - returning with value: 
2024/10/17 10:33:04,207 [ INFO ] ChekcStr - returning with value: 1
2024/10/17 10:33:04,207 [ INFO ] ChekcStr - executing binarise...
2024/10/17 10:33:04,207 [ INFO ] ChekcStr - end of binarise - givenstrvalue is empty string
2024/10/17 10:33:04,207 [ INFO ] ChekcStr - returning with value: 
2024/10/17 10:33:04,207 [ INFO ] ChekcStr - returning with value: 11
2024/10/17 10:33:04,207 [ INFO ] ChekcStr - executing binarise...
2024/10/17 10:33:04,207 [ INFO ] ChekcStr - end of binarise - givenstrvalue is odd
2024/10/17 10:33:04,207 [ INFO ] ChekcStr - executing binarise...
2024/10/17 10:33:04,207 [ INFO ] ChekcStr - end of binarise - givenstrvalue is empty string
2024/10/17 10:33:04,207 [ INFO ] ChekcStr - returning with value: 
2024/10/17 10:33:04,207 [ INFO ] ChekcStr - returning with value: 1
2024/10/17 10:33:04,207 [ INFO ] ChekcStr - executing binarise...
2024/10/17 10:33:04,207 [ INFO ] ChekcStr - end of binarise - givenstrvalue is empty string
2024/10/17 10:33:04,207 [ INFO ] ChekcStr - returning with value: 
2024/10/17 10:33:04,207 [ INFO ] ChekcStr - returning with value: 111
2024/10/17 10:33:04,207 [ INFO ] ChekcStr - executing binarise...
2024/10/17 10:33:04,207 [ INFO ] ChekcStr - end of binarise - givenstrvalue is odd
2024/10/17 10:33:04,207 [ INFO ] ChekcStr - executing binarise...
2024/10/17 10:33:04,207 [ INFO ] ChekcStr - end of binarise - givenstrvalue is odd
2024/10/17 10:33:04,207 [ INFO ] ChekcStr - executing binarise...
2024/10/17 10:33:04,207 [ INFO ] ChekcStr - end of binarise - givenstrvalue is empty string
2024/10/17 10:33:04,207 [ INFO ] ChekcStr - returning with value: 
2024/10/17 10:33:04,207 [ INFO ] ChekcStr - returning with value: 1
2024/10/17 10:33:04,207 [ INFO ] ChekcStr - executing binarise...
2024/10/17 10:33:04,207 [ INFO ] ChekcStr - end of binarise - givenstrvalue is empty string
2024/10/17 10:33:04,207 [ INFO ] ChekcStr - returning with value: 
2024/10/17 10:33:04,207 [ INFO ] ChekcStr - returning with value: 11
2024/10/17 10:33:04,207 [ INFO ] ChekcStr - executing binarise...
2024/10/17 10:33:04,207 [ INFO ] ChekcStr - end of binarise - givenstrvalue is odd
2024/10/17 10:33:04,207 [ INFO ] ChekcStr - executing binarise...
2024/10/17 10:33:04,207 [ INFO ] ChekcStr - end of binarise - givenstrvalue is empty string
2024/10/17 10:33:04,207 [ INFO ] ChekcStr - returning with value: 
2024/10/17 10:33:04,207 [ INFO ] ChekcStr - returning with value: 1
2024/10/17 10:33:04,207 [ INFO ] ChekcStr - executing binarise...
2024/10/17 10:33:04,207 [ INFO ] ChekcStr - end of binarise - givenstrvalue is empty string
2024/10/17 10:33:04,207 [ INFO ] ChekcStr - returning with value: 
2024/10/17 10:33:04,210 [ INFO ] ChekcStr - instantiated ChekcStr
2024/10/17 10:33:04,210 [ INFO ] ChekcStr - executing binarise...
2024/10/17 10:33:04,210 [ INFO ] ChekcStr - end of binarise
2024/10/17 10:33:04,210 [ INFO ] ChekcStr - executing binarise...
2024/10/17 10:33:04,210 [ INFO ] ChekcStr - end of binarise
2024/10/17 10:33:04,210 [ INFO ] ChekcStr - executing binarise...
2024/10/17 10:33:04,210 [ INFO ] ChekcStr - end of binarise
2024/10/17 10:33:04,210 [ INFO ] ChekcStr - executing binarise...
2024/10/17 10:33:04,210 [ INFO ] ChekcStr - end of binarise - givenstrvalue is odd
2024/10/17 10:33:04,210 [ INFO ] ChekcStr - executing binarise...
2024/10/17 10:33:04,210 [ INFO ] ChekcStr - end of binarise - givenstrvalue is empty string
2024/10/17 10:33:04,210 [ INFO ] ChekcStr - returning with value: 
2024/10/17 10:33:04,210 [ INFO ] ChekcStr - returning with value: 1
2024/10/17 10:33:04,210 [ INFO ] ChekcStr - executing binarise...
2024/10/17 10:33:04,210 [ INFO ] ChekcStr - end of binarise - givenstrvalue is empty string
2024/10/17 10:33:04,210 [ INFO ] ChekcStr - returning with value: 
2024/10/17 10:33:04,210 [ INFO ] ChekcStr - returning with value: 01
2024/10/17 10:33:04,210 [ INFO ] ChekcStr - executing binarise...
2024/10/17 10:33:04,210 [ INFO ] ChekcStr - end of binarise - givenstrvalue is odd
2024/10/17 10:33:04,211 [ INFO ] ChekcStr - executing binarise...
2024/10/17 10:33:04,211 [ INFO ] ChekcStr - end of binarise - givenstrvalue is empty string
2024/10/17 10:33:04,211 [ INFO ] ChekcStr - returning with value: 
2024/10/17 10:33:04,211 [ INFO ] ChekcStr - returning with value: 1
2024/10/17 10:33:04,211 [ INFO ] ChekcStr - executing binarise...
2024/10/17 10:33:04,211 [ INFO ] ChekcStr - end of binarise - givenstrvalue is empty string
2024/10/17 10:33:04,211 [ INFO ] ChekcStr - returning with value: 
2024/10/17 10:33:04,211 [ INFO ] ChekcStr - returning with value: 001
2024/10/17 10:33:04,211 [ INFO ] ChekcStr - executing binarise...
2024/10/17 10:33:04,211 [ INFO ] ChekcStr - end of binarise
2024/10/17 10:33:04,211 [ INFO ] ChekcStr - executing binarise...
2024/10/17 10:33:04,211 [ INFO ] ChekcStr - end of binarise - givenstrvalue is odd
2024/10/17 10:33:04,211 [ INFO ] ChekcStr - executing binarise...
2024/10/17 10:33:04,211 [ INFO ] ChekcStr - end of binarise - givenstrvalue is empty string
2024/10/17 10:33:04,211 [ INFO ] ChekcStr - returning with value: 
2024/10/17 10:33:04,211 [ INFO ] ChekcStr - returning with value: 1
2024/10/17 10:33:04,211 [ INFO ] ChekcStr - executing binarise...
2024/10/17 10:33:04,211 [ INFO ] ChekcStr - end of binarise - givenstrvalue is empty string
2024/10/17 10:33:04,211 [ INFO ] ChekcStr - returning with value: 
2024/10/17 10:33:04,211 [ INFO ] ChekcStr - returning with value: 01
2024/10/17 10:33:04,211 [ INFO ] ChekcStr - executing binarise...
2024/10/17 10:33:04,211 [ INFO ] ChekcStr - end of binarise - givenstrvalue is odd
2024/10/17 10:33:04,211 [ INFO ] ChekcStr - executing binarise...
2024/10/17 10:33:04,211 [ INFO ] ChekcStr - end of binarise - givenstrvalue is empty string
2024/10/17 10:33:04,211 [ INFO ] ChekcStr - returning with value: 
2024/10/17 10:33:04,211 [ INFO ] ChekcStr - returning with value: 1
2024/10/17 10:33:04,211 [ INFO ] ChekcStr - executing binarise...
2024/10/17 10:33:04,211 [ INFO ] ChekcStr - end of binarise - givenstrvalue is empty string
2024/10/17 10:33:04,211 [ INFO ] ChekcStr - returning with value: 
2024/10/17 10:33:04,211 [ INFO ] ChekcStr - returning with value: 0001
2024/10/17 10:33:04,211 [ INFO ] ChekcStr - executing binarise...
2024/10/17 10:33:04,211 [ INFO ] ChekcStr - end of binarise
2024/10/17 10:33:04,211 [ INFO ] ChekcStr - executing binarise...
2024/10/17 10:33:04,211 [ INFO ] ChekcStr - end of binarise
2024/10/17 10:33:04,211 [ INFO ] ChekcStr - executing binarise...
2024/10/17 10:33:04,211 [ INFO ] ChekcStr - end of binarise - givenstrvalue is odd
2024/10/17 10:33:04,211 [ INFO ] ChekcStr - executing binarise...
2024/10/17 10:33:04,211 [ INFO ] ChekcStr - end of binarise - givenstrvalue is empty string
