2024/10/17 00:12:25,813 [ INFO ] ChekcStr - end of binarise - givenstrvalue is odd
2024/10/17 00:12:25,814 [ INFO ] ChekcStr - executing binarise...
2024/10/17 00:12:25,814 [ INFO ] ChekcStr - end of binarise - givenstrvalue is empty string
2024/10/17 00:12:25,814 [ INFO ] ChekcStr - returning with value: 
2024/10/17 00:12:25,814 [ INFO ] ChekcStr - returning with value: 1
2024/10/17 00:12:25,814 [ INFO ] ChekcStr - executing binarise...
2024/10/17 00:12:25,814 [ INFO ] ChekcStr - end of binarise - givenstrvalue is empty string
2024/10/17 00:12:25,814 [ INFO ] ChekcStr - returning with value: 
2024/10/17 00:12:25,814 [ INFO ] ChekcStr - returning with value: 011
2024/10/17 00:12:25,814 [ INFO ] ChekcStr - executing binarise...
2024/10/17 00:12:25,814 [ INFO ] ChekcStr - end of binarise - givenstrvalue is odd
2024/10/17 00:12:25,814 [ INFO ] ChekcStr - executing binarise...
2024/10/17 00:12:25,814 [ INFO ] ChekcStr - end of binarise - givenstrvalue is odd
2024/10/17 00:12:25,814 [ INFO ] ChekcStr - executing binarise...
2024/10/17 00:12:25,814 [ INFO ] ChekcStr - end of binarise - givenstrvalue is empty string
2024/10/17 00:12:25,814 [ INFO ] ChekcStr - returning with value: 
2024/10/17 00:12:25,815 [ INFO ] ChekcStr - returning with value: 1
2024/10/17 00:12:25,815 [ INFO ] ChekcStr - executing binarise...
2024/10/17 00:12:25,815 [ INFO ] ChekcStr - end of binarise - givenstrvalue is empty string
2024/10/17 00:12:25,815 [ INFO ] ChekcStr - returning with value: 
2024/10/17 00:12:25,815 [ INFO ] ChekcStr - returning with value: 11
2024/10/17 00:12:25,815 [ INFO ] ChekcStr - executing binarise...
2024/10/17 00:12:25,815 [ INFO ] ChekcStr - end of binarise - givenstrvalue is odd
2024/10/17 00:12:25,815 [ INFO ] ChekcStr - executing binarise...
2024/10/17 00:12:25,815 [ INFO ] ChekcStr - end of binarise - givenstrvalue is empty string
2024/10/17 00:12:25,815 [ INFO ] ChekcStr - returning with value: 
2024/10/17 00:12:25,815 [ INFO ] ChekcStr - returning with value: 1
2024/10/17 00:12:25,815 [ INFO ] ChekcStr - executing binarise...
2024/10/17 00:12:25,815 [ INFO ] ChekcStr - end of binarise - givenstrvalue is empty string
2024/10/17 00:12:25,815 [ INFO ] ChekcStr - returning with value: 
2024/10/17 00:12:25,815 [ INFO ] ChekcStr - returning with value: 10011
2024/10/17 00:12:25,815 [ INFO ] ChekcStr - executing binarise...
2024/10/17 00:12:25,815 [ INFO ] ChekcStr - end of binarise
2024/10/17 00:12:25,815 [ INFO ] ChekcStr - executing binarise...
2024/10/17 00:12:25,815 [ INFO ] ChekcStr - end of binarise
2024/10/17 00:12:25,815 [ INFO ] ChekcStr - executing binarise...
2024/10/17 00:12:25,815 [ INFO ] ChekcStr - end of binarise - givenstrvalue is odd
2024/10/17 00:12:25,815 [ INFO ] ChekcStr - executing binarise...
2024/10/17 00:12:25,815 [ INFO ] ChekcStr - end of binarise - givenstrvalue is odd
2024/10/17 00:12:25,815 [ INFO ] ChekcStr - executing binarise...
2024/10/17 00:12:25,815 [ INFO ] ChekcStr - end of binarise - givenstrvalue is empty string
2024/10/17 00:12:25,815 [ INFO ] ChekcStr - returning with value: 
2024/10/17 00:12:25,815 [ INFO ] ChekcStr - returning with value: 1
2024/10/17 00:12:25,815 [ INFO ] ChekcStr - executing binarise...
2024/10/17 00:12:25,815 [ INFO ] ChekcStr - end of binarise - givenstrvalue is empty string
2024/10/17 00:12:25,815 [ INFO ] ChekcStr - returning with value: 
2024/10/17 00:12:25,815 [ INFO ] ChekcStr - returning with value: 11
2024/10/17 00:12:25,815 [ INFO ] ChekcStr - executing binarise...
2024/10/17 00:12:25,815 [ INFO ] ChekcStr - end of binarise - givenstrvalue is odd
2024/10/17 00:12:25,815 [ INFO ] ChekcStr - executing binarise...
2024/10/17 00:12:25,815 [ INFO ] ChekcStr - end of binarise - givenstrvalue is empty string
2024/10/17 00:12:25,815 [ INFO ] ChekcStr - returning with value: 
2024/10/17 00:12:25,815 [ INFO ] ChekcStr - returning with value: 1
2024/10/17 00:12:25,815 [ INFO ] ChekcStr - executing binarise...
2024/10/17 00:12:25,815 [ INFO ] ChekcStr - end of binarise - givenstrvalue is empty string
2024/10/17 00:12:25,815 [ INFO ] ChekcStr - returning with value: 
2024/10/17 00:12:25,815 [ INFO ] ChekcStr - returning with value: 011
2024/10/17 00:12:25,815 [ INFO ] ChekcStr - executing binarise...
2024/10/17 00:12:25,815 [ INFO ] ChekcStr - end of binarise - givenstrvalue is odd
2024/10/17 00:12:25,815 [ INFO ] ChekcStr - executing binarise...
2024/10/17 00:12:25,815 [ INFO ] ChekcStr - end of binarise - givenstrvalue is odd
2024/10/17 00:12:25,815 [ INFO ] ChekcStr - executing binarise...
2024/10/17 00:12:25,815 [ INFO ] ChekcStr - end of binarise - givenstrvalue is empty string
2024/10/17 00:12:25,815 [ INFO ] ChekcStr - returning with value: 
2024/10/17 00:12:25,815 [ INFO ] ChekcStr - returning with value: 1
2024/10/17 00:12:25,815 [ INFO ] ChekcStr - executing binarise...
2024/10/17 00:12:25,815 [ INFO ] ChekcStr - end of binarise - givenstrvalue is empty string
2024/10/17 00:12:25,815 [ INFO ] ChekcStr - returning with value: 
2024/10/17 00:12:25,815 [ INFO ] ChekcStr - returning with value: 11
2024/10/17 00:12:25,815 [ INFO ] ChekcStr - executing binarise...
2024/10/17 00:12:25,815 [ INFO ] ChekcStr - end of binarise - givenstrvalue is odd
2024/10/17 00:12:25,815 [ INFO ] ChekcStr - executing binarise...
2024/10/17 00:12:25,815 [ INFO ] ChekcStr - end of binarise - givenstrvalue is empty string
2024/10/17 00:12:25,815 [ INFO ] ChekcStr - returning with value: 
2024/10/17 00:12:25,815 [ INFO ] ChekcStr - returning with value: 1
2024/10/17 00:12:25,815 [ INFO ] ChekcStr - executing binarise...
2024/10/17 00:12:25,815 [ INFO ] ChekcStr - end of binarise - givenstrvalue is empty string
2024/10/17 00:12:25,815 [ INFO ] ChekcStr - returning with value: 
2024/10/17 00:12:25,815 [ INFO ] ChekcStr - returning with value: 0011
2024/10/17 00:12:25,815 [ INFO ] ChekcStr - executing binarise...
2024/10/17 00:12:25,815 [ INFO ] ChekcStr - end of binarise
2024/10/17 00:12:25,815 [ INFO ] ChekcStr - executing binarise...
2024/10/17 00:12:25,815 [ INFO ] ChekcStr - end of binarise - givenstrvalue is odd
2024/10/17 00:12:25,815 [ INFO ] ChekcStr - executing binarise...
2024/10/17 00:12:25,815 [ INFO ] ChekcStr - end of binarise - givenstrvalue is odd
2024/10/17 00:12:25,815 [ INFO ] ChekcStr - executing binarise...
2024/10/17 00:12:25,815 [ INFO ] ChekcStr - end of binarise - givenstrvalue is empty string
2024/10/17 00:12:25,815 [ INFO ] ChekcStr - returning with value: 
2024/10/17 00:12:25,815 [ INFO ] ChekcStr - returning with value: 1
2024/10/17 00:12:25,815 [ INFO ] ChekcStr - executing binarise...
2024/10/17 00:12:25,815 [ INFO ] ChekcStr - end of binarise - givenstrvalue is empty string
2024/10/17 00:12:25,815 [ INFO ] ChekcStr - returning with value: 
2024/10/17 00:12:25,815 [ INFO ] ChekcStr - returning with value: 11
2024/10/17 00:12:25,815 [ INFO ] ChekcStr - executing binarise...
2024/10/17 00:12:25,815 [ INFO ] ChekcStr - end of binarise - givenstrvalue is odd
2024/10/17 00:12:25,815 [ INFO ] ChekcStr - executing binarise...
2024/10/17 00:12:25,815 [ INFO ] ChekcStr - end of binarise - givenstrvalue is empty string
2024/10/17 00:12:25,815 [ INFO ] ChekcStr - returning with value: 
2024/10/17 00:12:25,815 [ INFO ] ChekcStr - returning with value: 1
2024/10/17 00:12:25,815 [ INFO ] ChekcStr - executing binarise...
2024/10/17 00:12:25,815 [ INFO ] ChekcStr - end of binarise - givenstrvalue is empty string
2024/10/17 00:12:25,815 [ INFO ] ChekcStr - returning with value: 
2024/10/17 00:12:25,815 [ INFO ] ChekcStr - returning with value: 011
2024/10/17 00:12:25,815 [ INFO ] ChekcStr - executing binarise...
2024/10/17 00:12:25,815 [ INFO ] ChekcStr - end of binarise - givenstrvalue is odd
2024/10/17 00:12:25,815 [ INFO ] ChekcStr - executing binarise...
2024/10/17 00:12:25,815 [ INFO ] ChekcStr - end of binarise - givenstrvalue is odd
2024/10/17 00:12:25,815 [ INFO ] ChekcStr - executing binarise...
2024/10/17 00:12:25,815 [ INFO ] ChekcStr - end of binarise - givenstrvalue is empty string
2024/10/17 00:12:25,815 [ INFO ] ChekcStr - returning with value: 
2024/10/17 00:12:25,815 [ INFO ] ChekcStr - returning with value: 1
2024/10/17 00:12:25,815 [ INFO ] ChekcStr - executing binarise...
2024/10/17 00:12:25,815 [ INFO ] ChekcStr - end of binarise - givenstrvalue is empty string
2024/10/17 00:12:25,815 [ INFO ] ChekcStr - returning with value: 
2024/10/17 00:12:25,815 [ INFO ] ChekcStr - returning with value: 11
2024/10/17 00:12:25,815 [ INFO ] ChekcStr - executing binarise...
2024/10/17 00:12:25,815 [ INFO ] ChekcStr - end of binarise - givenstrvalue is odd
2024/10/17 00:12:25,815 [ INFO ] ChekcStr - executing binarise...
2024/10/17 00:12:25,815 [ INFO ] ChekcStr - end of binarise - givenstrvalue is empty string
2024/10/17 00:12:25,815 [ INFO ] ChekcStr - returning with value: 
2024/10/17 00:12:25,816 [ INFO ] ChekcStr - returning with value: 1
2024/10/17 00:12:25,816 [ INFO ] ChekcStr - executing binarise...
2024/10/17 00:12:25,816 [ INFO ] ChekcStr - end of binarise - givenstrvalue is empty string
2024/10/17 00:12:25,816 [ INFO ] ChekcStr - returning with value: 
2024/10/17 00:12:25,816 [ INFO ] ChekcStr - instantiated ChekcStr
2024/10/17 00:12:25,816 [ INFO ] ChekcStr - executing binarise...
2024/10/17 00:12:25,816 [ INFO ] ChekcStr - end of binarise - givenstrvalue is empty string
2024/10/17 00:12:25,816 [ INFO ] ChekcStr - returning with value: 
2024/10/17 00:12:25,817 [ INFO ] ChekcStr - instantiated ChekcStr
2024/10/17 00:12:25,817 [ INFO ] ChekcStr - executing binarise...
2024/10/17 00:12:25,817 [ INFO ] ChekcStr - end of binarise - givenstrvalue is odd
2024/10/17 00:12:25,818 [ INFO ] ChekcStr - executing binarise...
2024/10/17 00:12:25,818 [ INFO ] ChekcStr - end of binarise - givenstrvalue is empty string
2024/10/17 00:12:25,818 [ INFO ] ChekcStr - returning with value: 
2024/10/17 00:12:25,818 [ INFO ] ChekcStr - returning with value: 1
2024/10/17 00:12:25,818 [ INFO ] ChekcStr - executing binarise...
2024/10/17 00:12:25,818 [ INFO ] ChekcStr - end of binarise - givenstrvalue is empty string
2024/10/17 00:12:25,818 [ INFO ] ChekcStr - returning with value: 
2024/10/17 00:12:25,818 [ INFO ] ChekcStr - instantiated ChekcStr
2024/10/17 00:12:25,818 [ INFO ] ChekcStr - executing binarise...
