2024/10/17 10:33:04,200 [ INFO ] ChekcStr - end of binarise
2024/10/17 10:33:04,201 [ INFO ] ChekcStr - executing binarise...
2024/10/17 10:33:04,201 [ INFO ] ChekcStr - end of binarise - givenstrvalue is odd
2024/10/17 10:33:04,201 [ INFO ] ChekcStr - executing binarise...
2024/10/17 10:33:04,201 [ INFO ] ChekcStr - end of binarise - givenstrvalue is empty string
2024/10/17 10:33:04,201 [ INFO ] ChekcStr - returning with value: 
2024/10/17 10:33:04,201 [ INFO ] ChekcStr - returning with value: 1
2024/10/17 10:33:04,201 [ INFO ] ChekcStr - executing binarise...
2024/10/17 10:33:04,201 [ INFO ] ChekcStr - end of binarise - givenstrvalue is empty string
2024/10/17 10:33:04,201 [ INFO ] ChekcStr - returning with value: 
2024/10/17 10:33:04,201 [ INFO ] ChekcStr - returning with value: 01
2024/10/17 10:33:04,201 [ INFO ] ChekcStr - executing binarise...
2024/10/17 10:33:04,201 [ INFO ] ChekcStr - end of binarise - givenstrvalue is odd
2024/10/17 10:33:04,201 [ INFO ] ChekcStr - executing binarise...
2024/10/17 10:33:04,201 [ INFO ] ChekcStr - end of binarise - givenstrvalue is empty string
2024/10/17 10:33:04,201 [ INFO ] ChekcStr - returning with value: 
2024/10/17 10:33:04,201 [ INFO ] ChekcStr - returning with value: 1
2024/10/17 10:33:04,201 [ INFO ] ChekcStr - executing binarise...
2024/10/17 10:33:04,201 [ INFO ] ChekcStr - end of binarise - givenstrvalue is empty string
2024/10/17 10:33:04,201 [ INFO ] ChekcStr - returning with value: 
2024/10/17 10:33:04,202 [ INFO ] ChekcStr - instantiated ChekcStr
2024/10/17 10:33:04,202 [ INFO ] ChekcStr - executing binarise...
2024/10/17 10:33:04,202 [ INFO ] ChekcStr - end of binarise - givenstrvalue is odd
2024/10/17 10:33:04,202 [ INFO ] ChekcStr - executing binarise...
2024/10/17 10:33:04,202 [ INFO ] ChekcStr - end of binarise - givenstrvalue is odd
2024/10/17 10:33:04,202 [ INFO ] ChekcStr - executing binarise...
2024/10/17 10:33:04,202 [ INFO ] ChekcStr - end of binarise - givenstrvalue is empty string
2024/10/17 10:33:04,202 [ INFO ] ChekcStr - returning with value: 
2024/10/17 10:33:04,202 [ INFO ] ChekcStr - returning with value: 1
2024/10/17 10:33:04,202 [ INFO ] ChekcStr - executing binarise...
2024/10/17 10:33:04,202 [ INFO ] ChekcStr - end of binarise - givenstrvalue is empty string
2024/10/17 10:33:04,202 [ INFO ] ChekcStr - returning with value: 
2024/10/17 10:33:04,202 [ INFO ] ChekcStr - returning with value: 11
2024/10/17 10:33:04,202 [ INFO ] ChekcStr - executing binarise...
2024/10/17 10:33:04,202 [ INFO ] ChekcStr - end of binarise - givenstrvalue is odd
2024/10/17 10:33:04,202 [ INFO ] ChekcStr - executing binarise...
2024/10/17 10:33:04,202 [ INFO ] ChekcStr - end of binarise - givenstrvalue is empty string
2024/10/17 10:33:04,202 [ INFO ] ChekcStr - returning with value: 
2024/10/17 10:33:04,202 [ INFO ] ChekcStr - returning with value: 1
2024/10/17 10:33:04,202 [ INFO ] ChekcStr - executing binarise...
2024/10/17 10:33:04,202 [ INFO ] ChekcStr - end of binarise - givenstrvalue is empty string
2024/10/17 10:33:04,202 [ INFO ] ChekcStr - returning with value: 
2024/10/17 10:33:04,203 [ INFO ] ChekcStr - instantiated ChekcStr
2024/10/17 10:33:04,203 [ INFO ] ChekcStr - executing binarise...
2024/10/17 10:33:04,203 [ INFO ] ChekcStr - end of binarise
2024/10/17 10:33:04,203 [ INFO ] ChekcStr - executing binarise...
2024/10/17 10:33:04,203 [ INFO ] ChekcStr - end of binarise
2024/10/17 10:33:04,203 [ INFO ] ChekcStr - executing binarise...
2024/10/17 10:33:04,203 [ INFO ] ChekcStr - end of binarise - givenstrvalue is odd
2024/10/17 10:33:04,203 [ INFO ] ChekcStr - executing binarise...
2024/10/17 10:33:04,203 [ INFO ] ChekcStr - end of binarise - givenstrvalue is empty string
2024/10/17 10:33:04,203 [ INFO ] ChekcStr - returning with value: 
2024/10/17 10:33:04,203 [ INFO ] ChekcStr - returning with value: 1
2024/10/17 10:33:04,203 [ INFO ] ChekcStr - executing binarise...
2024/10/17 10:33:04,203 [ INFO ] ChekcStr - end of binarise - givenstrvalue is empty string
2024/10/17 10:33:04,203 [ INFO ] ChekcStr - returning with value: 
2024/10/17 10:33:04,203 [ INFO ] ChekcStr - returning with value: 01
2024/10/17 10:33:04,203 [ INFO ] ChekcStr - executing binarise...
2024/10/17 10:33:04,203 [ INFO ] ChekcStr - end of binarise - givenstrvalue is odd
2024/10/17 10:33:04,203 [ INFO ] ChekcStr - executing binarise...
2024/10/17 10:33:04,203 [ INFO ] ChekcStr - end of binarise - givenstrvalue is empty string
2024/10/17 10:33:04,203 [ INFO ] ChekcStr - returning with value: 
2024/10/17 10:33:04,203 [ INFO ] ChekcStr - returning with value: 1
2024/10/17 10:33:04,203 [ INFO ] ChekcStr - executing binarise...
2024/10/17 10:33:04,203 [ INFO ] ChekcStr - end of binarise - givenstrvalue is empty string
2024/10/17 10:33:04,203 [ INFO ] ChekcStr - returning with value: 
2024/10/17 10:33:04,203 [ INFO ] ChekcStr - returning with value: 001
2024/10/17 10:33:04,203 [ INFO ] ChekcStr - executing binarise...
2024/10/17 10:33:04,203 [ INFO ] ChekcStr - end of binarise
2024/10/17 10:33:04,203 [ INFO ] ChekcStr - executing binarise...
2024/10/17 10:33:04,203 [ INFO ] ChekcStr - end of binarise - givenstrvalue is odd
2024/10/17 10:33:04,203 [ INFO ] ChekcStr - executing binarise...
2024/10/17 10:33:04,203 [ INFO ] ChekcStr - end of binarise - givenstrvalue is empty string
2024/10/17 10:33:04,203 [ INFO ] ChekcStr - returning with value: 
2024/10/17 10:33:04,203 [ INFO ] ChekcStr - returning with value: 1
2024/10/17 10:33:04,203 [ INFO ] ChekcStr - executing binarise...
2024/10/17 10:33:04,203 [ INFO ] ChekcStr - end of binarise - givenstrvalue is empty string
2024/10/17 10:33:04,203 [ INFO ] ChekcStr - returning with value: 
2024/10/17 10:33:04,203 [ INFO ] ChekcStr - returning with value: 01
2024/10/17 10:33:04,203 [ INFO ] ChekcStr - executing binarise...
2024/10/17 10:33:04,203 [ INFO ] ChekcStr - end of binarise - givenstrvalue is odd
2024/10/17 10:33:04,203 [ INFO ] ChekcStr - executing binarise...
2024/10/17 10:33:04,203 [ INFO ] ChekcStr - end of binarise - givenstrvalue is empty string
2024/10/17 10:33:04,203 [ INFO ] ChekcStr - returning with value: 
2024/10/17 10:33:04,203 [ INFO ] ChekcStr - returning with value: 1
2024/10/17 10:33:04,203 [ INFO ] ChekcStr - executing binarise...
2024/10/17 10:33:04,203 [ INFO ] ChekcStr - end of binarise - givenstrvalue is empty string
2024/10/17 10:33:04,203 [ INFO ] ChekcStr - returning with value: 
2024/10/17 10:33:04,204 [ INFO ] ChekcStr - instantiated ChekcStr
2024/10/17 10:33:04,204 [ INFO ] ChekcStr - executing binarise...
2024/10/17 10:33:04,204 [ INFO ] ChekcStr - end of binarise - givenstrvalue is odd
2024/10/17 10:33:04,204 [ INFO ] ChekcStr - executing binarise...
2024/10/17 10:33:04,204 [ INFO ] ChekcStr - end of binarise
2024/10/17 10:33:04,204 [ INFO ] ChekcStr - executing binarise...
2024/10/17 10:33:04,204 [ INFO ] ChekcStr - end of binarise - givenstrvalue is odd
2024/10/17 10:33:04,204 [ INFO ] ChekcStr - executing binarise...
2024/10/17 10:33:04,204 [ INFO ] ChekcStr - end of binarise - givenstrvalue is empty string
2024/10/17 10:33:04,204 [ INFO ] ChekcStr - returning with value: 
2024/10/17 10:33:04,204 [ INFO ] ChekcStr - returning with value: 1
2024/10/17 10:33:04,204 [ INFO ] ChekcStr - executing binarise...
2024/10/17 10:33:04,204 [ INFO ] ChekcStr - end of binarise - givenstrvalue is empty string
2024/10/17 10:33:04,204 [ INFO ] ChekcStr - returning with value: 
2024/10/17 10:33:04,204 [ INFO ] ChekcStr - returning with value: 01
2024/10/17 10:33:04,204 [ INFO ] ChekcStr - executing binarise...
2024/10/17 10:33:04,204 [ INFO ] ChekcStr - end of binarise - givenstrvalue is odd
2024/10/17 10:33:04,204 [ INFO ] ChekcStr - executing binarise...
2024/10/17 10:33:04,204 [ INFO ] ChekcStr - end of binarise - givenstrvalue is empty string
2024/10/17 10:33:04,204 [ INFO ] ChekcStr - returning with value: 
2024/10/17 10:33:04,204 [ INFO ] ChekcStr - returning with value: 1
2024/10/17 10:33:04,204 [ INFO ] ChekcStr - executing binarise...
2024/10/17 10:33:04,204 [ INFO ] ChekcStr - end of binarise - givenstrvalue is empty string
2024/10/17 10:33:04,204 [ INFO ] ChekcStr - returning with value: 
2024/10/17 10:33:04,204 [ INFO ] ChekcStr - returning with value: 101
2024/10/17 10:33:04,204 [ INFO ] ChekcStr - executing binarise...
2024/10/17 10:33:04,204 [ INFO ] ChekcStr - end of binarise
2024/10/17 10:33:04,204 [ INFO ] ChekcStr - executing binarise...
2024/10/17 10:33:04,204 [ INFO ] ChekcStr - end of binarise - givenstrvalue is odd
2024/10/17 10:33:04,204 [ INFO ] ChekcStr - executing binarise...
2024/10/17 10:33:04,204 [ INFO ] ChekcStr - end of binarise - givenstrvalue is empty string
2024/10/17 10:33:04,204 [ INFO ] ChekcStr - returning with value: 
2024/10/17 10:33:04,204 [ INFO ] ChekcStr - returning with value: 1
2024/10/17 10:33:04,204 [ INFO ] ChekcStr - executing binarise...
2024/10/17 10:33:04,204 [ INFO ] ChekcStr - end of binarise - givenstrvalue is empty string
2024/10/17 10:33:04,204 [ INFO ] ChekcStr - returning with value: 
2024/10/17 10:33:04,204 [ INFO ] ChekcStr - returning with value: 01
2024/10/17 10:33:04,204 [ INFO ] ChekcStr - executing binarise...
2024/10/17 10:33:04,204 [ INFO ] ChekcStr - end of binarise - givenstrvalue is odd
2024/10/17 10:33:04,204 [ INFO ] ChekcStr - executing binarise...
2024/10/17 10:33:04,204 [ INFO ] ChekcStr - end of binarise - givenstrvalue is empty string
2024/10/17 10:33:04,204 [ INFO ] ChekcStr - returning with value: 
2024/10/17 10:33:04,204 [ INFO ] ChekcStr - returning with value: 1
2024/10/17 10:33:04,204 [ INFO ] ChekcStr - executing binarise...
2024/10/17 10:33:04,204 [ INFO ] ChekcStr - end of binarise - givenstrvalue is empty string
2024/10/17 10:33:04,204 [ INFO ] ChekcStr - returning with value: 
2024/10/17 10:33:04,205 [ INFO ] ChekcStr - instantiated ChekcStr
2024/10/17 10:33:04,205 [ INFO ] ChekcStr - executing binarise...
2024/10/17 10:33:04,205 [ INFO ] ChekcStr - end of binarise
2024/10/17 10:33:04,205 [ INFO ] ChekcStr - executing binarise...
2024/10/17 10:33:04,205 [ INFO ] ChekcStr - end of binarise - givenstrvalue is odd
2024/10/17 10:33:04,205 [ INFO ] ChekcStr - executing binarise...
2024/10/17 10:33:04,205 [ INFO ] ChekcStr - end of binarise - givenstrvalue is odd
2024/10/17 10:33:04,205 [ INFO ] ChekcStr - executing binarise...
