2024/10/17 00:12:25,827 [ INFO ] ChekcStr - returning with value: 
2024/10/17 00:12:25,828 [ INFO ] ChekcStr - returning with value: 1
2024/10/17 00:12:25,828 [ INFO ] ChekcStr - executing binarise...
2024/10/17 00:12:25,828 [ INFO ] ChekcStr - end of binarise - givenstrvalue is empty string
2024/10/17 00:12:25,828 [ INFO ] ChekcStr - returning with value: 
2024/10/17 00:12:25,828 [ INFO ] ChekcStr - returning with value: 01
2024/10/17 00:12:25,828 [ INFO ] ChekcStr - executing binarise...
2024/10/17 00:12:25,828 [ INFO ] ChekcStr - end of binarise - givenstrvalue is odd
2024/10/17 00:12:25,828 [ INFO ] ChekcStr - executing binarise...
2024/10/17 00:12:25,828 [ INFO ] ChekcStr - end of binarise - givenstrvalue is empty string
2024/10/17 00:12:25,828 [ INFO ] ChekcStr - returning with value: 
2024/10/17 00:12:25,828 [ INFO ] ChekcStr - returning with value: 1
2024/10/17 00:12:25,828 [ INFO ] ChekcStr - executing binarise...
2024/10/17 00:12:25,828 [ INFO ] ChekcStr - end of binarise - givenstrvalue is empty string
2024/10/17 00:12:25,828 [ INFO ] ChekcStr - returning with value: 
2024/10/17 00:12:25,828 [ INFO ] ChekcStr - returning with value: 001
2024/10/17 00:12:25,828 [ INFO ] ChekcStr - executing binarise...
2024/10/17 00:12:25,828 [ INFO ] ChekcStr - end of binarise
2024/10/17 00:12:25,828 [ INFO ] ChekcStr - executing binarise...
2024/10/17 00:12:25,828 [ INFO ] ChekcStr - end of binarise - givenstrvalue is odd
2024/10/17 00:12:25,828 [ INFO ] ChekcStr - executing binarise...
2024/10/17 00:12:25,828 [ INFO ] ChekcStr - end of binarise - givenstrvalue is empty string
2024/10/17 00:12:25,828 [ INFO ] ChekcStr - returning with value: 
2024/10/17 00:12:25,828 [ INFO ] ChekcStr - returning with value: 1
2024/10/17 00:12:25,830 [ INFO ] ChekcStr - executing binarise...
2024/10/17 00:12:25,830 [ INFO ] ChekcStr - end of binarise - givenstrvalue is empty string
2024/10/17 00:12:25,830 [ INFO ] ChekcStr - returning with value: 
2024/10/17 00:12:25,830 [ INFO ] ChekcStr - returning with value: 01
2024/10/17 00:12:25,830 [ INFO ] ChekcStr - executing binarise...
2024/10/17 00:12:25,830 [ INFO ] ChekcStr - end of binarise - givenstrvalue is odd
2024/10/17 00:12:25,830 [ INFO ] ChekcStr - executing binarise...
2024/10/17 00:12:25,830 [ INFO ] ChekcStr - end of binarise - givenstrvalue is empty string
2024/10/17 00:12:25,830 [ INFO ] ChekcStr - returning with value: 
2024/10/17 00:12:25,830 [ INFO ] ChekcStr - returning with value: 1
2024/10/17 00:12:25,830 [ INFO ] ChekcStr - executing binarise...
2024/10/17 00:12:25,830 [ INFO ] ChekcStr - end of binarise - givenstrvalue is empty string
2024/10/17 00:12:25,830 [ INFO ] ChekcStr - returning with value: 
2024/10/17 00:12:25,831 [ INFO ] ChekcStr - instantiated ChekcStr
2024/10/17 00:12:25,831 [ INFO ] ChekcStr - executing binarise...
2024/10/17 00:12:25,831 [ INFO ] ChekcStr - end of binarise - givenstrvalue is odd
2024/10/17 00:12:25,831 [ INFO ] ChekcStr - executing binarise...
2024/10/17 00:12:25,831 [ INFO ] ChekcStr - end of binarise
2024/10/17 00:12:25,831 [ INFO ] ChekcStr - executing binarise...
2024/10/17 00:12:25,831 [ INFO ] ChekcStr - end of binarise
2024/10/17 00:12:25,831 [ INFO ] ChekcStr - executing binarise...
2024/10/17 00:12:25,831 [ INFO ] ChekcStr - end of binarise - givenstrvalue is odd
2024/10/17 00:12:25,831 [ INFO ] ChekcStr - executing binarise...
2024/10/17 00:12:25,831 [ INFO ] ChekcStr - end of binarise - givenstrvalue is empty string
2024/10/17 00:12:25,831 [ INFO ] ChekcStr - returning with value: 
2024/10/17 00:12:25,831 [ INFO ] ChekcStr - returning with value: 1
2024/10/17 00:12:25,831 [ INFO ] ChekcStr - executing binarise...
2024/10/17 00:12:25,831 [ INFO ] ChekcStr - end of binarise - givenstrvalue is empty string
2024/10/17 00:12:25,831 [ INFO ] ChekcStr - returning with value: 
2024/10/17 00:12:25,831 [ INFO ] ChekcStr - returning with value: 01
2024/10/17 00:12:25,831 [ INFO ] ChekcStr - executing binarise...
2024/10/17 00:12:25,831 [ INFO ] ChekcStr - end of binarise - givenstrvalue is odd
2024/10/17 00:12:25,831 [ INFO ] ChekcStr - executing binarise...
2024/10/17 00:12:25,831 [ INFO ] ChekcStr - end of binarise - givenstrvalue is empty string
2024/10/17 00:12:25,831 [ INFO ] ChekcStr - returning with value: 
2024/10/17 00:12:25,831 [ INFO ] ChekcStr - returning with value: 1
2024/10/17 00:12:25,831 [ INFO ] ChekcStr - executing binarise...
2024/10/17 00:12:25,831 [ INFO ] ChekcStr - end of binarise - givenstrvalue is empty string
2024/10/17 00:12:25,831 [ INFO ] ChekcStr - returning with value: 
2024/10/17 00:12:25,831 [ INFO ] ChekcStr - returning with value: 001
2024/10/17 00:12:25,831 [ INFO ] ChekcStr - executing binarise...
2024/10/17 00:12:25,831 [ INFO ] ChekcStr - end of binarise
2024/10/17 00:12:25,831 [ INFO ] ChekcStr - executing binarise...
2024/10/17 00:12:25,831 [ INFO ] ChekcStr - end of binarise - givenstrvalue is odd
2024/10/17 00:12:25,831 [ INFO ] ChekcStr - executing binarise...
2024/10/17 00:12:25,831 [ INFO ] ChekcStr - end of binarise - givenstrvalue is empty string
2024/10/17 00:12:25,831 [ INFO ] ChekcStr - returning with value: 
2024/10/17 00:12:25,831 [ INFO ] ChekcStr - returning with value: 1
2024/10/17 00:12:25,831 [ INFO ] ChekcStr - executing binarise...
2024/10/17 00:12:25,831 [ INFO ] ChekcStr - end of binarise - givenstrvalue is empty string
2024/10/17 00:12:25,831 [ INFO ] ChekcStr - returning with value: 
2024/10/17 00:12:25,831 [ INFO ] ChekcStr - returning with value: 01
2024/10/17 00:12:25,831 [ INFO ] ChekcStr - executing binarise...
2024/10/17 00:12:25,831 [ INFO ] ChekcStr - end of binarise - givenstrvalue is odd
2024/10/17 00:12:25,831 [ INFO ] ChekcStr - executing binarise...
2024/10/17 00:12:25,831 [ INFO ] ChekcStr - end of binarise - givenstrvalue is empty string
2024/10/17 00:12:25,831 [ INFO ] ChekcStr - returning with value: 
2024/10/17 00:12:25,831 [ INFO ] ChekcStr - returning with value: 1
2024/10/17 00:12:25,831 [ INFO ] ChekcStr - executing binarise...
2024/10/17 00:12:25,831 [ INFO ] ChekcStr - end of binarise - givenstrvalue is empty string
2024/10/17 00:12:25,831 [ INFO ] ChekcStr - returning with value: 
2024/10/17 00:12:25,831 [ INFO ] ChekcStr - returning with value: 1001
2024/10/17 00:12:25,831 [ INFO ] ChekcStr - executing binarise...
2024/10/17 00:12:25,831 [ INFO ] ChekcStr - end of binarise
2024/10/17 00:12:25,831 [ INFO ] ChekcStr - executing binarise...
2024/10/17 00:12:25,831 [ INFO ] ChekcStr - end of binarise
2024/10/17 00:12:25,831 [ INFO ] ChekcStr - executing binarise...
2024/10/17 00:12:25,831 [ INFO ] ChekcStr - end of binarise - givenstrvalue is odd
2024/10/17 00:12:25,831 [ INFO ] ChekcStr - executing binarise...
2024/10/17 00:12:25,831 [ INFO ] ChekcStr - end of binarise - givenstrvalue is empty string
2024/10/17 00:12:25,831 [ INFO ] ChekcStr - returning with value: 
2024/10/17 00:12:25,831 [ INFO ] ChekcStr - returning with value: 1
2024/10/17 00:12:25,831 [ INFO ] ChekcStr - executing binarise...
2024/10/17 00:12:25,831 [ INFO ] ChekcStr - end of binarise - givenstrvalue is empty string
2024/10/17 00:12:25,831 [ INFO ] ChekcStr - returning with value: 
2024/10/17 00:12:25,831 [ INFO ] ChekcStr - returning with value: 01
2024/10/17 00:12:25,831 [ INFO ] ChekcStr - executing binarise...
2024/10/17 00:12:25,831 [ INFO ] ChekcStr - end of binarise - givenstrvalue is odd
2024/10/17 00:12:25,831 [ INFO ] ChekcStr - executing binarise...
2024/10/17 00:12:25,832 [ INFO ] ChekcStr - end of binarise - givenstrvalue is empty string
2024/10/17 00:12:25,832 [ INFO ] ChekcStr - returning with value: 
2024/10/17 00:12:25,832 [ INFO ] ChekcStr - returning with value: 1
2024/10/17 00:12:25,832 [ INFO ] ChekcStr - executing binarise...
2024/10/17 00:12:25,832 [ INFO ] ChekcStr - end of binarise - givenstrvalue is empty string
2024/10/17 00:12:25,832 [ INFO ] ChekcStr - returning with value: 
2024/10/17 00:12:25,832 [ INFO ] ChekcStr - returning with value: 001
2024/10/17 00:12:25,832 [ INFO ] ChekcStr - executing binarise...
2024/10/17 00:12:25,832 [ INFO ] ChekcStr - end of binarise
2024/10/17 00:12:25,832 [ INFO ] ChekcStr - executing binarise...
2024/10/17 00:12:25,832 [ INFO ] ChekcStr - end of binarise - givenstrvalue is odd
2024/10/17 00:12:25,832 [ INFO ] ChekcStr - executing binarise...
2024/10/17 00:12:25,832 [ INFO ] ChekcStr - end of binarise - givenstrvalue is empty string
2024/10/17 00:12:25,832 [ INFO ] ChekcStr - returning with value: 
2024/10/17 00:12:25,832 [ INFO ] ChekcStr - returning with value: 1
2024/10/17 00:12:25,832 [ INFO ] ChekcStr - executing binarise...
2024/10/17 00:12:25,832 [ INFO ] ChekcStr - end of binarise - givenstrvalue is empty string
2024/10/17 00:12:25,832 [ INFO ] ChekcStr - returning with value: 
2024/10/17 00:12:25,832 [ INFO ] ChekcStr - returning with value: 01
2024/10/17 00:12:25,832 [ INFO ] ChekcStr - executing binarise...
2024/10/17 00:12:25,832 [ INFO ] ChekcStr - end of binarise - givenstrvalue is odd
2024/10/17 00:12:25,832 [ INFO ] ChekcStr - executing binarise...
2024/10/17 00:12:25,832 [ INFO ] ChekcStr - end of binarise - givenstrvalue is empty string
2024/10/17 00:12:25,832 [ INFO ] ChekcStr - returning with value: 
2024/10/17 00:12:25,832 [ INFO ] ChekcStr - returning with value: 1
2024/10/17 00:12:25,832 [ INFO ] ChekcStr - executing binarise...
2024/10/17 00:12:25,832 [ INFO ] ChekcStr - end of binarise - givenstrvalue is empty string
2024/10/17 00:12:25,832 [ INFO ] ChekcStr - returning with value: 
2024/10/17 00:12:25,832 [ INFO ] ChekcStr - instantiated ChekcStr
2024/10/17 00:12:25,832 [ INFO ] ChekcStr - executing binarise...
2024/10/17 00:12:25,832 [ INFO ] ChekcStr - end of binarise
2024/10/17 00:12:25,832 [ INFO ] ChekcStr - executing binarise...
2024/10/17 00:12:25,832 [ INFO ] ChekcStr - end of binarise - givenstrvalue is odd
2024/10/17 00:12:25,832 [ INFO ] ChekcStr - executing binarise...
2024/10/17 00:12:25,832 [ INFO ] ChekcStr - end of binarise
2024/10/17 00:12:25,832 [ INFO ] ChekcStr - executing binarise...
2024/10/17 00:12:25,832 [ INFO ] ChekcStr - end of binarise - givenstrvalue is odd
2024/10/17 00:12:25,832 [ INFO ] ChekcStr - executing binarise...
2024/10/17 00:12:25,832 [ INFO ] ChekcStr - end of binarise - givenstrvalue is empty string
