2024/10/17 10:33:04,187 [ INFO ] ChekcStr - executing binarise...
2024/10/17 10:33:04,188 [ INFO ] ChekcStr - end of binarise - givenstrvalue is odd
2024/10/17 10:33:04,188 [ INFO ] ChekcStr - executing binarise...
2024/10/17 10:33:04,188 [ INFO ] ChekcStr - end of binarise - givenstrvalue is odd
2024/10/17 10:33:04,188 [ INFO ] ChekcStr - executing binarise...
2024/10/17 10:33:04,188 [ INFO ] ChekcStr - end of binarise - givenstrvalue is empty string
2024/10/17 10:33:04,188 [ INFO ] ChekcStr - returning with value: 
2024/10/17 10:33:04,188 [ INFO ] ChekcStr - returning with value: 1
2024/10/17 10:33:04,188 [ INFO ] ChekcStr - executing binarise...
2024/10/17 10:33:04,188 [ INFO ] ChekcStr - end of binarise - givenstrvalue is empty string
2024/10/17 10:33:04,188 [ INFO ] ChekcStr - returning with value: 
2024/10/17 10:33:04,188 [ INFO ] ChekcStr - returning with value: 11
2024/10/17 10:33:04,188 [ INFO ] ChekcStr - executing binarise...
2024/10/17 10:33:04,188 [ INFO ] ChekcStr - end of binarise - givenstrvalue is odd
2024/10/17 10:33:04,188 [ INFO ] ChekcStr - executing binarise...
2024/10/17 10:33:04,188 [ INFO ] ChekcStr - end of binarise - givenstrvalue is empty string
2024/10/17 10:33:04,188 [ INFO ] ChekcStr - returning with value: 
2024/10/17 10:33:04,188 [ INFO ] ChekcStr - returning with value: 1
2024/10/17 10:33:04,188 [ INFO ] ChekcStr - executing binarise...
2024/10/17 10:33:04,188 [ INFO ] ChekcStr - end of binarise - givenstrvalue is empty string
2024/10/17 10:33:04,188 [ INFO ] ChekcStr - returning with value: 
2024/10/17 10:33:04,188 [ INFO ] ChekcStr - returning with value: 10011
2024/10/17 10:33:04,188 [ INFO ] ChekcStr - executing binarise...
2024/10/17 10:33:04,188 [ INFO ] ChekcStr - end of binarise
2024/10/17 10:33:04,188 [ INFO ] ChekcStr - executing binarise...
2024/10/17 10:33:04,188 [ INFO ] ChekcStr - end of binarise
2024/10/17 10:33:04,188 [ INFO ] ChekcStr - executing binarise...
2024/10/17 10:33:04,188 [ INFO ] ChekcStr - end of binarise - givenstrvalue is odd
2024/10/17 10:33:04,188 [ INFO ] ChekcStr - executing binarise...
2024/10/17 10:33:04,188 [ INFO ] ChekcStr - end of binarise - givenstrvalue is odd
2024/10/17 10:33:04,188 [ INFO ] ChekcStr - executing binarise...
2024/10/17 10:33:04,188 [ INFO ] ChekcStr - end of binarise - givenstrvalue is empty string
2024/10/17 10:33:04,188 [ INFO ] ChekcStr - returning with value: 
2024/10/17 10:33:04,188 [ INFO ] ChekcStr - returning with value: 1
2024/10/17 10:33:04,188 [ INFO ] ChekcStr - executing binarise...
2024/10/17 10:33:04,188 [ INFO ] ChekcStr - end of binarise - givenstrvalue is empty string
2024/10/17 10:33:04,188 [ INFO ] ChekcStr - returning with value: 
2024/10/17 10:33:04,188 [ INFO ] ChekcStr - returning with value: 11
2024/10/17 10:33:04,188 [ INFO ] ChekcStr - executing binarise...
2024/10/17 10:33:04,188 [ INFO ] ChekcStr - end of binarise - givenstrvalue is odd
2024/10/17 10:33:04,188 [ INFO ] ChekcStr - executing binarise...
2024/10/17 10:33:04,188 [ INFO ] ChekcStr - end of binarise - givenstrvalue is empty string
2024/10/17 10:33:04,188 [ INFO ] ChekcStr - returning with value: 
2024/10/17 10:33:04,188 [ INFO ] ChekcStr - returning with value: 1
2024/10/17 10:33:04,188 [ INFO ] ChekcStr - executing binarise...
2024/10/17 10:33:04,188 [ INFO ] ChekcStr - end of binarise - givenstrvalue is empty string
2024/10/17 10:33:04,188 [ INFO ] ChekcStr - returning with value: 
2024/10/17 10:33:04,188 [ INFO ] ChekcStr - returning with value: 011
2024/10/17 10:33:04,188 [ INFO ] ChekcStr - executing binarise...
2024/10/17 10:33:04,188 [ INFO ] ChekcStr - end of binarise - givenstrvalue is odd
2024/10/17 10:33:04,188 [ INFO ] ChekcStr - executing binarise...
2024/10/17 10:33:04,188 [ INFO ] ChekcStr - end of binarise - givenstrvalue is odd
2024/10/17 10:33:04,188 [ INFO ] ChekcStr - executing binarise...
2024/10/17 10:33:04,188 [ INFO ] ChekcStr - end of binarise - givenstrvalue is empty string
2024/10/17 10:33:04,188 [ INFO ] ChekcStr - returning with value: 
2024/10/17 10:33:04,188 [ INFO ] ChekcStr - returning with value: 1
2024/10/17 10:33:04,188 [ INFO ] ChekcStr - executing binarise...
2024/10/17 10:33:04,188 [ INFO ] ChekcStr - end of binarise - givenstrvalue is empty string
2024/10/17 10:33:04,188 [ INFO ] ChekcStr - returning with value: 
2024/10/17 10:33:04,188 [ INFO ] ChekcStr - returning with value: 11
2024/10/17 10:33:04,188 [ INFO ] ChekcStr - executing binarise...
2024/10/17 10:33:04,188 [ INFO ] ChekcStr - end of binarise - givenstrvalue is odd
2024/10/17 10:33:04,188 [ INFO ] ChekcStr - executing binarise...
2024/10/17 10:33:04,188 [ INFO ] ChekcStr - end of binarise - givenstrvalue is empty string
2024/10/17 10:33:04,188 [ INFO ] ChekcStr - returning with value: 
2024/10/17 10:33:04,188 [ INFO ] ChekcStr - returning with value: 1
2024/10/17 10:33:04,188 [ INFO ] ChekcStr - executing binarise...
2024/10/17 10:33:04,188 [ INFO ] ChekcStr - end of binarise - givenstrvalue is empty string
2024/10/17 10:33:04,188 [ INFO ] ChekcStr - returning with value: 
2024/10/17 10:33:04,188 [ INFO ] ChekcStr - returning with value: 0011
2024/10/17 10:33:04,188 [ INFO ] ChekcStr - executing binarise...
2024/10/17 10:33:04,188 [ INFO ] ChekcStr - end of binarise
2024/10/17 10:33:04,188 [ INFO ] ChekcStr - executing binarise...
2024/10/17 10:33:04,188 [ INFO ] ChekcStr - end of binarise - givenstrvalue is odd
2024/10/17 10:33:04,188 [ INFO ] ChekcStr - executing binarise...
2024/10/17 10:33:04,188 [ INFO ] ChekcStr - end of binarise - givenstrvalue is odd
2024/10/17 10:33:04,188 [ INFO ] ChekcStr - executing binarise...
2024/10/17 10:33:04,188 [ INFO ] ChekcStr - end of binarise - givenstrvalue is empty string
2024/10/17 10:33:04,188 [ INFO ] ChekcStr - returning with value: 
2024/10/17 10:33:04,188 [ INFO ] ChekcStr - returning with value: 1
2024/10/17 10:33:04,188 [ INFO ] ChekcStr - executing binarise...
2024/10/17 10:33:04,188 [ INFO ] ChekcStr - end of binarise - givenstrvalue is empty string
2024/10/17 10:33:04,188 [ INFO ] ChekcStr - returning with value: 
2024/10/17 10:33:04,188 [ INFO ] ChekcStr - returning with value: 11
2024/10/17 10:33:04,188 [ INFO ] ChekcStr - executing binarise...
2024/10/17 10:33:04,189 [ INFO ] ChekcStr - end of binarise - givenstrvalue is odd
2024/10/17 10:33:04,189 [ INFO ] ChekcStr - executing binarise...
2024/10/17 10:33:04,189 [ INFO ] ChekcStr - end of binarise - givenstrvalue is empty string
2024/10/17 10:33:04,189 [ INFO ] ChekcStr - returning with value: 
2024/10/17 10:33:04,189 [ INFO ] ChekcStr - returning with value: 1
2024/10/17 10:33:04,189 [ INFO ] ChekcStr - executing binarise...
2024/10/17 10:33:04,189 [ INFO ] ChekcStr - end of binarise - givenstrvalue is empty string
2024/10/17 10:33:04,189 [ INFO ] ChekcStr - returning with value: 
2024/10/17 10:33:04,189 [ INFO ] ChekcStr - returning with value: 011
2024/10/17 10:33:04,189 [ INFO ] ChekcStr - executing binarise...
2024/10/17 10:33:04,189 [ INFO ] ChekcStr - end of binarise - givenstrvalue is odd
2024/10/17 10:33:04,189 [ INFO ] ChekcStr - executing binarise...
2024/10/17 10:33:04,189 [ INFO ] ChekcStr - end of binarise - givenstrvalue is odd
2024/10/17 10:33:04,189 [ INFO ] ChekcStr - executing binarise...
2024/10/17 10:33:04,189 [ INFO ] ChekcStr - end of binarise - givenstrvalue is empty string
2024/10/17 10:33:04,189 [ INFO ] ChekcStr - returning with value: 
2024/10/17 10:33:04,189 [ INFO ] ChekcStr - returning with value: 1
2024/10/17 10:33:04,189 [ INFO ] ChekcStr - executing binarise...
2024/10/17 10:33:04,189 [ INFO ] ChekcStr - end of binarise - givenstrvalue is empty string
2024/10/17 10:33:04,189 [ INFO ] ChekcStr - returning with value: 
2024/10/17 10:33:04,189 [ INFO ] ChekcStr - returning with value: 11
2024/10/17 10:33:04,189 [ INFO ] ChekcStr - executing binarise...
2024/10/17 10:33:04,189 [ INFO ] ChekcStr - end of binarise - givenstrvalue is odd
2024/10/17 10:33:04,189 [ INFO ] ChekcStr - executing binarise...
2024/10/17 10:33:04,189 [ INFO ] ChekcStr - end of binarise - givenstrvalue is empty string
2024/10/17 10:33:04,189 [ INFO ] ChekcStr - returning with value: 
2024/10/17 10:33:04,189 [ INFO ] ChekcStr - returning with value: 1
2024/10/17 10:33:04,189 [ INFO ] ChekcStr - executing binarise...
2024/10/17 10:33:04,189 [ INFO ] ChekcStr - end of binarise - givenstrvalue is empty string
2024/10/17 10:33:04,189 [ INFO ] ChekcStr - returning with value: 
2024/10/17 10:33:04,189 [ INFO ] ChekcStr - returning with value: 010011
2024/10/17 10:33:04,189 [ INFO ] ChekcStr - executing binarise...
2024/10/17 10:33:04,189 [ INFO ] ChekcStr - end of binarise - givenstrvalue is odd
2024/10/17 10:33:04,189 [ INFO ] ChekcStr - executing binarise...
2024/10/17 10:33:04,189 [ INFO ] ChekcStr - end of binarise
2024/10/17 10:33:04,189 [ INFO ] ChekcStr - executing binarise...
2024/10/17 10:33:04,189 [ INFO ] ChekcStr - end of binarise
2024/10/17 10:33:04,189 [ INFO ] ChekcStr - executing binarise...
2024/10/17 10:33:04,189 [ INFO ] ChekcStr - end of binarise - givenstrvalue is odd
2024/10/17 10:33:04,189 [ INFO ] ChekcStr - executing binarise...
2024/10/17 10:33:04,189 [ INFO ] ChekcStr - end of binarise - givenstrvalue is odd
2024/10/17 10:33:04,189 [ INFO ] ChekcStr - executing binarise...
2024/10/17 10:33:04,189 [ INFO ] ChekcStr - end of binarise - givenstrvalue is empty string
2024/10/17 10:33:04,189 [ INFO ] ChekcStr - returning with value: 
2024/10/17 10:33:04,189 [ INFO ] ChekcStr - returning with value: 1
2024/10/17 10:33:04,189 [ INFO ] ChekcStr - executing binarise...
2024/10/17 10:33:04,189 [ INFO ] ChekcStr - end of binarise - givenstrvalue is empty string
2024/10/17 10:33:04,189 [ INFO ] ChekcStr - returning with value: 
2024/10/17 10:33:04,189 [ INFO ] ChekcStr - returning with value: 11
2024/10/17 10:33:04,189 [ INFO ] ChekcStr - executing binarise...
2024/10/17 10:33:04,189 [ INFO ] ChekcStr - end of binarise - givenstrvalue is odd
2024/10/17 10:33:04,189 [ INFO ] ChekcStr - executing binarise...
2024/10/17 10:33:04,189 [ INFO ] ChekcStr - end of binarise - givenstrvalue is empty string
2024/10/17 10:33:04,189 [ INFO ] ChekcStr - returning with value: 
2024/10/17 10:33:04,189 [ INFO ] ChekcStr - returning with value: 1
2024/10/17 10:33:04,189 [ INFO ] ChekcStr - executing binarise...
