2024/10/17 10:33:04,191 [ INFO ] ChekcStr - returning with value: 
2024/10/17 10:33:04,192 [ INFO ] ChekcStr - returning with value: 011
2024/10/17 10:33:04,192 [ INFO ] ChekcStr - executing binarise...
2024/10/17 10:33:04,192 [ INFO ] ChekcStr - end of binarise - givenstrvalue is odd
2024/10/17 10:33:04,192 [ INFO ] ChekcStr - executing binarise...
2024/10/17 10:33:04,192 [ INFO ] ChekcStr - end of binarise - givenstrvalue is odd
2024/10/17 10:33:04,192 [ INFO ] ChekcStr - executing binarise...
2024/10/17 10:33:04,192 [ INFO ] ChekcStr - end of binarise - givenstrvalue is empty string
2024/10/17 10:33:04,192 [ INFO ] ChekcStr - returning with value: 
2024/10/17 10:33:04,192 [ INFO ] ChekcStr - returning with value: 1
2024/10/17 10:33:04,192 [ INFO ] ChekcStr - executing binarise...
2024/10/17 10:33:04,192 [ INFO ] ChekcStr - end of binarise - givenstrvalue is empty string
2024/10/17 10:33:04,192 [ INFO ] ChekcStr - returning with value: 
2024/10/17 10:33:04,192 [ INFO ] ChekcStr - returning with value: 11
2024/10/17 10:33:04,192 [ INFO ] ChekcStr - executing binarise...
2024/10/17 10:33:04,192 [ INFO ] ChekcStr - end of binarise - givenstrvalue is odd
2024/10/17 10:33:04,192 [ INFO ] ChekcStr - executing binarise...
2024/10/17 10:33:04,192 [ INFO ] ChekcStr - end of binarise - givenstrvalue is empty string
2024/10/17 10:33:04,192 [ INFO ] ChekcStr - returning with value: 
2024/10/17 10:33:04,192 [ INFO ] ChekcStr - returning with value: 1
2024/10/17 10:33:04,192 [ INFO ] ChekcStr - executing binarise...
2024/10/17 10:33:04,192 [ INFO ] ChekcStr - end of binarise - givenstrvalue is empty string
2024/10/17 10:33:04,192 [ INFO ] ChekcStr - returning with value: 
2024/10/17 10:33:04,192 [ INFO ] ChekcStr - returning with value: 1010011
2024/10/17 10:33:04,192 [ INFO ] ChekcStr - executing binarise...
2024/10/17 10:33:04,192 [ INFO ] ChekcStr - end of binarise
2024/10/17 10:33:04,192 [ INFO ] ChekcStr - executing binarise...
2024/10/17 10:33:04,192 [ INFO ] ChekcStr - end of binarise - givenstrvalue is odd
2024/10/17 10:33:04,192 [ INFO ] ChekcStr - executing binarise...
2024/10/17 10:33:04,192 [ INFO ] ChekcStr - end of binarise
2024/10/17 10:33:04,192 [ INFO ] ChekcStr - executing binarise...
2024/10/17 10:33:04,192 [ INFO ] ChekcStr - end of binarise
2024/10/17 10:33:04,192 [ INFO ] ChekcStr - executing binarise...
2024/10/17 10:33:04,192 [ INFO ] ChekcStr - end of binarise - givenstrvalue is odd
2024/10/17 10:33:04,192 [ INFO ] ChekcStr - executing binarise...
2024/10/17 10:33:04,192 [ INFO ] ChekcStr - end of binarise - givenstrvalue is odd
2024/10/17 10:33:04,192 [ INFO ] ChekcStr - executing binarise...
2024/10/17 10:33:04,192 [ INFO ] ChekcStr - end of binarise - givenstrvalue is empty string
2024/10/17 10:33:04,192 [ INFO ] ChekcStr - returning with value: 
2024/10/17 10:33:04,192 [ INFO ] ChekcStr - returning with value: 1
2024/10/17 10:33:04,192 [ INFO ] ChekcStr - executing binarise...
2024/10/17 10:33:04,192 [ INFO ] ChekcStr - end of binarise - givenstrvalue is empty string
2024/10/17 10:33:04,192 [ INFO ] ChekcStr - returning with value: 
2024/10/17 10:33:04,192 [ INFO ] ChekcStr - returning with value: 11
2024/10/17 10:33:04,192 [ INFO ] ChekcStr - executing binarise...
2024/10/17 10:33:04,192 [ INFO ] ChekcStr - end of binarise - givenstrvalue is odd
2024/10/17 10:33:04,193 [ INFO ] ChekcStr - executing binarise...
2024/10/17 10:33:04,193 [ INFO ] ChekcStr - end of binarise - givenstrvalue is empty string
2024/10/17 10:33:04,193 [ INFO ] ChekcStr - returning with value: 
2024/10/17 10:33:04,193 [ INFO ] ChekcStr - returning with value: 1
2024/10/17 10:33:04,193 [ INFO ] ChekcStr - executing binarise...
2024/10/17 10:33:04,193 [ INFO ] ChekcStr - end of binarise - givenstrvalue is empty string
2024/10/17 10:33:04,193 [ INFO ] ChekcStr - returning with value: 
2024/10/17 10:33:04,193 [ INFO ] ChekcStr - returning with value: 011
2024/10/17 10:33:04,193 [ INFO ] ChekcStr - executing binarise...
2024/10/17 10:33:04,193 [ INFO ] ChekcStr - end of binarise - givenstrvalue is odd
2024/10/17 10:33:04,193 [ INFO ] ChekcStr - executing binarise...
2024/10/17 10:33:04,193 [ INFO ] ChekcStr - end of binarise - givenstrvalue is odd
2024/10/17 10:33:04,193 [ INFO ] ChekcStr - executing binarise...
2024/10/17 10:33:04,193 [ INFO ] ChekcStr - end of binarise - givenstrvalue is empty string
2024/10/17 10:33:04,193 [ INFO ] ChekcStr - returning with value: 
2024/10/17 10:33:04,193 [ INFO ] ChekcStr - returning with value: 1
2024/10/17 10:33:04,193 [ INFO ] ChekcStr - executing binarise...
2024/10/17 10:33:04,193 [ INFO ] ChekcStr - end of binarise - givenstrvalue is empty string
2024/10/17 10:33:04,193 [ INFO ] ChekcStr - returning with value: 
2024/10/17 10:33:04,193 [ INFO ] ChekcStr - returning with value: 11
2024/10/17 10:33:04,193 [ INFO ] ChekcStr - executing binarise...
2024/10/17 10:33:04,193 [ INFO ] ChekcStr - end of binarise - givenstrvalue is odd
2024/10/17 10:33:04,193 [ INFO ] ChekcStr - executing binarise...
2024/10/17 10:33:04,193 [ INFO ] ChekcStr - end of binarise - givenstrvalue is empty string
2024/10/17 10:33:04,193 [ INFO ] ChekcStr - returning with value: 
2024/10/17 10:33:04,193 [ INFO ] ChekcStr - returning with value: 1
2024/10/17 10:33:04,193 [ INFO ] ChekcStr - executing binarise...
2024/10/17 10:33:04,193 [ INFO ] ChekcStr - end of binarise - givenstrvalue is empty string
2024/10/17 10:33:04,193 [ INFO ] ChekcStr - returning with value: 
2024/10/17 10:33:04,193 [ INFO ] ChekcStr - returning with value: 0011
2024/10/17 10:33:04,193 [ INFO ] ChekcStr - executing binarise...
2024/10/17 10:33:04,193 [ INFO ] ChekcStr - end of binarise
2024/10/17 10:33:04,193 [ INFO ] ChekcStr - executing binarise...
2024/10/17 10:33:04,193 [ INFO ] ChekcStr - end of binarise - givenstrvalue is odd
2024/10/17 10:33:04,193 [ INFO ] ChekcStr - executing binarise...
2024/10/17 10:33:04,193 [ INFO ] ChekcStr - end of binarise - givenstrvalue is odd
2024/10/17 10:33:04,193 [ INFO ] ChekcStr - executing binarise...
2024/10/17 10:33:04,193 [ INFO ] ChekcStr - end of binarise - givenstrvalue is empty string
2024/10/17 10:33:04,193 [ INFO ] ChekcStr - returning with value: 
2024/10/17 10:33:04,193 [ INFO ] ChekcStr - returning with value: 1
2024/10/17 10:33:04,193 [ INFO ] ChekcStr - executing binarise...
2024/10/17 10:33:04,193 [ INFO ] ChekcStr - end of binarise - givenstrvalue is empty string
2024/10/17 10:33:04,193 [ INFO ] ChekcStr - returning with value: 
2024/10/17 10:33:04,193 [ INFO ] ChekcStr - returning with value: 11
2024/10/17 10:33:04,193 [ INFO ] ChekcStr - executing binarise...
2024/10/17 10:33:04,193 [ INFO ] ChekcStr - end of binarise - givenstrvalue is odd
2024/10/17 10:33:04,193 [ INFO ] ChekcStr - executing binarise...
2024/10/17 10:33:04,193 [ INFO ] ChekcStr - end of binarise - givenstrvalue is empty string
2024/10/17 10:33:04,193 [ INFO ] ChekcStr - returning with value: 
2024/10/17 10:33:04,193 [ INFO ] ChekcStr - returning with value: 1
2024/10/17 10:33:04,193 [ INFO ] ChekcStr - executing binarise...
2024/10/17 10:33:04,193 [ INFO ] ChekcStr - end of binarise - givenstrvalue is empty string
2024/10/17 10:33:04,193 [ INFO ] ChekcStr - returning with value: 
2024/10/17 10:33:04,193 [ INFO ] ChekcStr - returning with value: 011
2024/10/17 10:33:04,193 [ INFO ] ChekcStr - executing binarise...
2024/10/17 10:33:04,193 [ INFO ] ChekcStr - end of binarise - givenstrvalue is odd
2024/10/17 10:33:04,193 [ INFO ] ChekcStr - executing binarise...
2024/10/17 10:33:04,193 [ INFO ] ChekcStr - end of binarise - givenstrvalue is odd
2024/10/17 10:33:04,193 [ INFO ] ChekcStr - executing binarise...
2024/10/17 10:33:04,193 [ INFO ] ChekcStr - end of binarise - givenstrvalue is empty string
2024/10/17 10:33:04,193 [ INFO ] ChekcStr - returning with value: 
2024/10/17 10:33:04,193 [ INFO ] ChekcStr - returning with value: 1
2024/10/17 10:33:04,193 [ INFO ] ChekcStr - executing binarise...
2024/10/17 10:33:04,193 [ INFO ] ChekcStr - end of binarise - givenstrvalue is empty string
2024/10/17 10:33:04,193 [ INFO ] ChekcStr - returning with value: 
2024/10/17 10:33:04,193 [ INFO ] ChekcStr - returning with value: 11
2024/10/17 10:33:04,193 [ INFO ] ChekcStr - executing binarise...
2024/10/17 10:33:04,193 [ INFO ] ChekcStr - end of binarise - givenstrvalue is odd
2024/10/17 10:33:04,193 [ INFO ] ChekcStr - executing binarise...
2024/10/17 10:33:04,193 [ INFO ] ChekcStr - end of binarise - givenstrvalue is empty string
2024/10/17 10:33:04,193 [ INFO ] ChekcStr - returning with value: 
2024/10/17 10:33:04,193 [ INFO ] ChekcStr - returning with value: 1
2024/10/17 10:33:04,193 [ INFO ] ChekcStr - executing binarise...
2024/10/17 10:33:04,193 [ INFO ] ChekcStr - end of binarise - givenstrvalue is empty string
2024/10/17 10:33:04,193 [ INFO ] ChekcStr - returning with value: 
2024/10/17 10:33:04,193 [ INFO ] ChekcStr - returning with value: 10011
2024/10/17 10:33:04,193 [ INFO ] ChekcStr - executing binarise...
2024/10/17 10:33:04,193 [ INFO ] ChekcStr - end of binarise
2024/10/17 10:33:04,193 [ INFO ] ChekcStr - executing binarise...
2024/10/17 10:33:04,193 [ INFO ] ChekcStr - end of binarise
2024/10/17 10:33:04,193 [ INFO ] ChekcStr - executing binarise...
2024/10/17 10:33:04,193 [ INFO ] ChekcStr - end of binarise - givenstrvalue is odd
2024/10/17 10:33:04,193 [ INFO ] ChekcStr - executing binarise...
2024/10/17 10:33:04,193 [ INFO ] ChekcStr - end of binarise - givenstrvalue is odd
2024/10/17 10:33:04,193 [ INFO ] ChekcStr - executing binarise...
2024/10/17 10:33:04,193 [ INFO ] ChekcStr - end of binarise - givenstrvalue is empty string
2024/10/17 10:33:04,193 [ INFO ] ChekcStr - returning with value: 
2024/10/17 10:33:04,193 [ INFO ] ChekcStr - returning with value: 1
2024/10/17 10:33:04,193 [ INFO ] ChekcStr - executing binarise...
2024/10/17 10:33:04,193 [ INFO ] ChekcStr - end of binarise - givenstrvalue is empty string
2024/10/17 10:33:04,193 [ INFO ] ChekcStr - returning with value: 
2024/10/17 10:33:04,193 [ INFO ] ChekcStr - returning with value: 11
2024/10/17 10:33:04,193 [ INFO ] ChekcStr - executing binarise...
2024/10/17 10:33:04,193 [ INFO ] ChekcStr - end of binarise - givenstrvalue is odd
2024/10/17 10:33:04,193 [ INFO ] ChekcStr - executing binarise...
